This file contains any messages produced by compilers while
running configure, to aid debugging if configure makes a mistake.

It was created by libltdl configure 2.4.3a, which was
generated by GNU Autoconf 2.69.  Invocation command line was

  $ ./configure --disable-option-checking --prefix=/usr --build=x86_64-linux-gnu --includedir=${prefix}/include --mandir=${prefix}/share/man --infodir=${prefix}/share/info --sysconfdir=/etc --localstatedir=/var --disable-silent-rules --libdir=${prefix}/lib/x86_64-linux-gnu --libexecdir=${prefix}/lib/x86_64-linux-gnu --runstatedir=/run --disable-maintainer-mode --disable-dependency-tracking --enable-static --enable-ltdllib --without-pth --enable-drivers --enable-driverc --enable-fastvalidate build_alias=x86_64-linux-gnu CC=ccache icc CFLAGS=-g -O2 -fdebug-prefix-map=/dev/shm/php7.3-fpm/unixodbc/unixodbc-2.3.6=. -Wformat -march=native -pipe -fstack-security-check -Wformat-security LDFLAGS=-Wl,-z,relro -Wl,-z,now -Wl,--as-needed,--gc-sections,--relax -Wl,-z,defs CPPFLAGS=-Wdate-time -D_FORTIFY_SOURCE=2 CPP=ccache icc -E --cache-file=/dev/null --srcdir=.

## --------- ##
## Platform. ##
## --------- ##

hostname = server
uname -m = x86_64
uname -r = 4.18.0-2-amd64
uname -s = Linux
uname -v = #1 SMP Debian 4.18.10-2 (2018-11-02)

/usr/bin/uname -p = unknown
/bin/uname -X     = unknown

/bin/arch              = unknown
/usr/bin/arch -k       = unknown
/usr/convex/getsysinfo = unknown
/usr/bin/hostinfo      = unknown
/bin/machine           = unknown
/usr/bin/oslevel       = unknown
/bin/universe          = unknown

PATH: /opt/intel/compilers_and_libraries/linux/pkg_bin/intel64
PATH: /opt/intel/parallel_studio_xe_2019/bin
PATH: /usr/sbin
PATH: /usr/bin
PATH: /sbin
PATH: /bin
PATH: /usr/bin/X11


## ----------- ##
## Core tests. ##
## ----------- ##

configure:2311: checking for a BSD-compatible install
configure:2379: result: /usr/bin/install -c
configure:2390: checking whether build environment is sane
configure:2445: result: yes
configure:2596: checking for a thread-safe mkdir -p
configure:2635: result: /bin/mkdir -p
configure:2642: checking for gawk
configure:2658: found /usr/bin/gawk
configure:2669: result: gawk
configure:2680: checking whether make sets $(MAKE)
configure:2702: result: yes
configure:2731: checking whether make supports nested variables
configure:2748: result: yes
configure:2885: checking whether make supports nested variables
configure:2902: result: yes
configure:2953: checking build system type
configure:2967: result: x86_64-pc-linux-gnu
configure:2987: checking host system type
configure:3000: result: x86_64-pc-linux-gnu
configure:3041: checking how to print strings
configure:3068: result: printf
configure:3093: checking whether make supports the include directive
configure:3108: make -f confmf.GNU && cat confinc.out
make[2]: Entering directory '/dev/shm/php7.3-fpm/unixodbc/unixodbc-2.3.6/libltdl'
make[2]: Leaving directory '/dev/shm/php7.3-fpm/unixodbc/unixodbc-2.3.6/libltdl'
this is the am__doit target
configure:3111: $? = 0
configure:3130: result: yes (GNU style)
configure:3200: checking for gcc
configure:3227: result: ccache icc
configure:3456: checking for C compiler version
configure:3465: ccache icc --version >&5
icc (ICC) 19.0.1.144 20181018
Copyright (C) 1985-2018 Intel Corporation.  All rights reserved.

configure:3476: $? = 0
configure:3465: ccache icc -v >&5
icc version 19.0.1.144 (gcc version 8.2.0 compatibility)
icc: warning #10013: no objects specified for multi-file optimization
/usr/bin/x86_64-linux-gnu-ld    /usr/lib/x86_64-linux-gnu/crt1.o /usr/lib/x86_64-linux-gnu/crti.o /usr/lib/gcc/x86_64-linux-gnu/8/crtbegin.o --eh-frame-hdr --build-id -dynamic-linker /lib64/ld-linux-x86-64.so.2 -m elf_x86_64 -o a.out -L/opt/intel/tbb/lib/intel64/gcc4.7 -L/opt/intel/compilers_and_libraries_2019.1.144/linux/compiler/lib/intel64_lin -L/opt/intel/compilers_and_libraries_2019.1.144/linux/tbb/lib/intel64_lin/gcc4.7 -L/opt/intel/compilers_and_libraries_2019.1.144/linux/mpi/intel64/libfabric/lib -L/usr/lib/gcc/x86_64-linux-gnu/8 -L/usr/lib/x86_64-linux-gnu -L/usr/lib -L/lib/x86_64-linux-gnu -L/lib64 -L/lib --as-needed --gc-sections --relax -Bdynamic -Bstatic -limf -lsvml -lirng -lmatmul -Bdynamic -lm -Bstatic -lipgo -ldecimal -Bdynamic -liomp5 --as-needed -lcilkrts -lstdc++ --no-as-needed -lgcc -lgcc_s -Bstatic -lirc -Bdynamic -lpthread -Bstatic -lsvml -Bdynamic -lc -lgcc -lgcc_s -Bstatic -lirc_s -Bdynamic -ldl -lc /usr/lib/gcc/x86_64-linux-gnu/8/crtend.o /usr/lib/x86_64-linux-gnu/crtn.o
/usr/bin/x86_64-linux-gnu-ld: /usr/lib/x86_64-linux-gnu/crt1.o: in function `_start':
(.text+0x20): undefined reference to `main'
configure:3476: $? = 1
configure:3465: ccache icc -V >&5
GNU ld (GNU Binutils for Debian) 2.31.1
Intel(R) C Intel(R) 64 Compiler for applications running on Intel(R) 64, Version 19.0.1.144 Build 20181018
Copyright (C) 1985-2018 Intel Corporation.  All rights reserved.

icc: warning #10013: no objects specified for multi-file optimization
/usr/bin/x86_64-linux-gnu-ld: /usr/lib/x86_64-linux-gnu/crt1.o: in function `_start':
(.text+0x20): undefined reference to `main'
configure:3476: $? = 1
configure:3465: ccache icc -qversion >&5
icc: command line warning #10006: ignoring unknown option '-qversion'
icc: warning #10013: no objects specified for multi-file optimization
/usr/bin/x86_64-linux-gnu-ld: /usr/lib/x86_64-linux-gnu/crt1.o: in function `_start':
(.text+0x20): undefined reference to `main'
configure:3476: $? = 1
configure:3496: checking whether the C compiler works
configure:3518: ccache icc -g -O2 -fdebug-prefix-map=/dev/shm/php7.3-fpm/unixodbc/unixodbc-2.3.6=. -Wformat -march=native -pipe -fstack-security-check -Wformat-security -Wdate-time -D_FORTIFY_SOURCE=2 -Wl,-z,relro -Wl,-z,now -Wl,--as-needed,--gc-sections,--relax -Wl,-z,defs conftest.c  >&5
icc: command line warning #10006: ignoring unknown option '-fdebug-prefix-map=/dev/shm/php7.3-fpm/unixodbc/unixodbc-2.3.6=.'
Front end time                       0.00 (CPU)       0.00 (elapsed)
Back end time                        0.00 (CPU)       0.00 (elapsed)
Total compilation time               0.01 (CPU)       0.00 (elapsed)
configure:3522: $? = 0
configure:3570: result: yes
configure:3573: checking for C compiler default output file name
configure:3575: result: a.out
configure:3581: checking for suffix of executables
configure:3588: ccache icc -o conftest -g -O2 -fdebug-prefix-map=/dev/shm/php7.3-fpm/unixodbc/unixodbc-2.3.6=. -Wformat -march=native -pipe -fstack-security-check -Wformat-security -Wdate-time -D_FORTIFY_SOURCE=2 -Wl,-z,relro -Wl,-z,now -Wl,--as-needed,--gc-sections,--relax -Wl,-z,defs conftest.c  >&5
icc: command line warning #10006: ignoring unknown option '-fdebug-prefix-map=/dev/shm/php7.3-fpm/unixodbc/unixodbc-2.3.6=.'
Front end time                       0.00 (CPU)       0.00 (elapsed)
Back end time                        0.01 (CPU)       0.00 (elapsed)
Total compilation time               0.01 (CPU)       0.00 (elapsed)
configure:3592: $? = 0
configure:3614: result: 
configure:3636: checking whether we are cross compiling
configure:3644: ccache icc -o conftest -g -O2 -fdebug-prefix-map=/dev/shm/php7.3-fpm/unixodbc/unixodbc-2.3.6=. -Wformat -march=native -pipe -fstack-security-check -Wformat-security -Wdate-time -D_FORTIFY_SOURCE=2 -Wl,-z,relro -Wl,-z,now -Wl,--as-needed,--gc-sections,--relax -Wl,-z,defs conftest.c  >&5
icc: command line warning #10006: ignoring unknown option '-fdebug-prefix-map=/dev/shm/php7.3-fpm/unixodbc/unixodbc-2.3.6=.'
Front end time                       0.02 (CPU)       0.00 (elapsed)
Back end time                        0.01 (CPU)       0.00 (elapsed)
Total compilation time               0.03 (CPU)       0.00 (elapsed)
configure:3648: $? = 0
configure:3655: ./conftest
configure:3659: $? = 0
configure:3674: result: no
configure:3679: checking for suffix of object files
configure:3701: ccache icc -c -g -O2 -fdebug-prefix-map=/dev/shm/php7.3-fpm/unixodbc/unixodbc-2.3.6=. -Wformat -march=native -pipe -fstack-security-check -Wformat-security -Wdate-time -D_FORTIFY_SOURCE=2 conftest.c >&5
icc: command line warning #10006: ignoring unknown option '-fdebug-prefix-map=/dev/shm/php7.3-fpm/unixodbc/unixodbc-2.3.6=.'
Front end time                       0.00 (CPU)       0.00 (elapsed)
Back end time                        0.00 (CPU)       0.00 (elapsed)
Total compilation time               0.01 (CPU)       0.00 (elapsed)
configure:3705: $? = 0
configure:3726: result: o
configure:3730: checking whether we are using the GNU C compiler
configure:3749: ccache icc -c -g -O2 -fdebug-prefix-map=/dev/shm/php7.3-fpm/unixodbc/unixodbc-2.3.6=. -Wformat -march=native -pipe -fstack-security-check -Wformat-security -Wdate-time -D_FORTIFY_SOURCE=2 conftest.c >&5
icc: command line warning #10006: ignoring unknown option '-fdebug-prefix-map=/dev/shm/php7.3-fpm/unixodbc/unixodbc-2.3.6=.'
Front end time                       0.00 (CPU)       0.00 (elapsed)
Back end time                        0.00 (CPU)       0.00 (elapsed)
Total compilation time               0.01 (CPU)       0.00 (elapsed)
configure:3749: $? = 0
configure:3758: result: yes
configure:3767: checking whether ccache icc accepts -g
configure:3787: ccache icc -c -g -Wdate-time -D_FORTIFY_SOURCE=2 conftest.c >&5
Front end time                       0.00 (CPU)       0.00 (elapsed)
Back end time                        0.01 (CPU)       0.00 (elapsed)
Total compilation time               0.01 (CPU)       0.00 (elapsed)
configure:3787: $? = 0
configure: failed program was:
| /* confdefs.h */
| #define PACKAGE_NAME "libltdl"
| #define PACKAGE_TARNAME "libltdl"
| #define PACKAGE_VERSION "2.4.3a"
| #define PACKAGE_STRING "libltdl 2.4.3a"
| #define PACKAGE_BUGREPORT "bug-libtool@gnu.org"
| #define PACKAGE_URL ""
| #define PACKAGE "libltdl"
| #define VERSION "2.4.3a"
| /* end confdefs.h.  */
| 
| int
| main ()
| {
| 
|   ;
|   return 0;
| }
configure:3802: ccache icc -c  -Wdate-time -D_FORTIFY_SOURCE=2 conftest.c >&5
Front end time                       0.00 (CPU)       0.00 (elapsed)
Back end time                        0.01 (CPU)       0.00 (elapsed)
Total compilation time               0.01 (CPU)       0.00 (elapsed)
configure:3802: $? = 0
configure: failed program was:
| /* confdefs.h */
| #define PACKAGE_NAME "libltdl"
| #define PACKAGE_TARNAME "libltdl"
| #define PACKAGE_VERSION "2.4.3a"
| #define PACKAGE_STRING "libltdl 2.4.3a"
| #define PACKAGE_BUGREPORT "bug-libtool@gnu.org"
| #define PACKAGE_URL ""
| #define PACKAGE "libltdl"
| #define VERSION "2.4.3a"
| /* end confdefs.h.  */
| 
| int
| main ()
| {
| 
|   ;
|   return 0;
| }
configure:3818: ccache icc -c -g -Wdate-time -D_FORTIFY_SOURCE=2 conftest.c >&5
Front end time                       0.00 (CPU)       0.00 (elapsed)
Back end time                        0.01 (CPU)       0.00 (elapsed)
Total compilation time               0.01 (CPU)       0.00 (elapsed)
configure:3818: $? = 0
configure:3828: result: yes
configure:3845: checking for ccache icc option to accept ISO C89
configure:3908: ccache icc  -c -g -O2 -fdebug-prefix-map=/dev/shm/php7.3-fpm/unixodbc/unixodbc-2.3.6=. -Wformat -march=native -pipe -fstack-security-check -Wformat-security -Wdate-time -D_FORTIFY_SOURCE=2 conftest.c >&5
icc: command line warning #10006: ignoring unknown option '-fdebug-prefix-map=/dev/shm/php7.3-fpm/unixodbc/unixodbc-2.3.6=.'
Front end time                       0.02 (CPU)       0.00 (elapsed)
Back end time                        0.01 (CPU)       0.00 (elapsed)
Total compilation time               0.03 (CPU)       0.00 (elapsed)
configure:3908: $? = 0
configure:3921: result: none needed
configure:3946: checking whether ccache icc understands -c and -o together
configure:3968: ccache icc -c conftest.c -o conftest2.o
Front end time                       0.00 (CPU)       0.00 (elapsed)
Back end time                        0.01 (CPU)       0.00 (elapsed)
Total compilation time               0.01 (CPU)       0.00 (elapsed)
configure:3971: $? = 0
configure:3968: ccache icc -c conftest.c -o conftest2.o
Front end time                       0.00 (CPU)       0.00 (elapsed)
Back end time                        0.01 (CPU)       0.00 (elapsed)
Total compilation time               0.01 (CPU)       0.00 (elapsed)
configure:3971: $? = 0
configure:3983: result: yes
configure:4002: checking dependency style of ccache icc
configure:4113: result: none
configure:4128: checking for a sed that does not truncate output
configure:4192: result: /bin/sed
configure:4210: checking for grep that handles long lines and -e
configure:4268: result: /bin/grep
configure:4273: checking for egrep
configure:4335: result: /bin/grep -E
configure:4340: checking for fgrep
configure:4402: result: /bin/grep -F
configure:4437: checking for ld used by ccache icc
configure:4504: result: xild -m elf_x86_64
configure:4511: checking if the linker (xild -m elf_x86_64) is GNU ld
configure:4526: result: yes
configure:4538: checking for BSD- or MS-compatible name lister (nm)
configure:4592: result: /usr/bin/nm -B
configure:4722: checking the name lister (/usr/bin/nm -B) interface
configure:4729: ccache icc -c -g -O2 -fdebug-prefix-map=/dev/shm/php7.3-fpm/unixodbc/unixodbc-2.3.6=. -Wformat -march=native -pipe -fstack-security-check -Wformat-security -Wdate-time -D_FORTIFY_SOURCE=2 conftest.c >&5
icc: command line warning #10006: ignoring unknown option '-fdebug-prefix-map=/dev/shm/php7.3-fpm/unixodbc/unixodbc-2.3.6=.'
Front end time                       0.00 (CPU)       0.00 (elapsed)
Back end time                        0.00 (CPU)       0.00 (elapsed)
Total compilation time               0.01 (CPU)       0.00 (elapsed)
configure:4732: /usr/bin/nm -B "conftest.o"
configure:4735: output
                 U __must_be_linked_with_icc_or_xild
0000000000000000 D some_variable
configure:4742: result: BSD nm
configure:4745: checking whether ln -s works
configure:4749: result: yes
configure:4757: checking the maximum length of command line arguments
configure:4888: result: 1572864
configure:4936: checking how to convert x86_64-pc-linux-gnu file names to x86_64-pc-linux-gnu format
configure:4976: result: func_convert_file_noop
configure:4983: checking how to convert x86_64-pc-linux-gnu file names to toolchain format
configure:5003: result: func_convert_file_noop
configure:5010: checking for xild -m elf_x86_64 option to reload object files
configure:5017: result: -r
configure:5091: checking for objdump
configure:5107: found /usr/bin/objdump
configure:5118: result: objdump
configure:5147: checking how to recognize dependent libraries
configure:5347: result: pass_all
configure:5432: checking for dlltool
configure:5462: result: no
configure:5489: checking how to associate runtime and link libraries
configure:5516: result: printf %s\n
configure:5641: checking for archiver @FILE support
configure:5658: ccache icc -c -g -O2 -fdebug-prefix-map=/dev/shm/php7.3-fpm/unixodbc/unixodbc-2.3.6=. -Wformat -march=native -pipe -fstack-security-check -Wformat-security -Wdate-time -D_FORTIFY_SOURCE=2 conftest.c >&5
icc: command line warning #10006: ignoring unknown option '-fdebug-prefix-map=/dev/shm/php7.3-fpm/unixodbc/unixodbc-2.3.6=.'
Front end time                       0.00 (CPU)       0.00 (elapsed)
Back end time                        0.00 (CPU)       0.00 (elapsed)
Total compilation time               0.01 (CPU)       0.00 (elapsed)
configure:5658: $? = 0
configure:5661: xiar cru libconftest.a @conftest.lst >&5
xiar: executing 'ar'
ar: `u' modifier ignored since `D' is the default (see `U')
configure:5664: $? = 0
configure:5669: xiar cru libconftest.a @conftest.lst >&5
xiar: executing 'ar'
ar: `u' modifier ignored since `D' is the default (see `U')
ar: conftest.o: No such file or directory
configure:5672: $? = 1
configure:5684: result: @
configure:5742: checking for strip
configure:5758: found /usr/bin/strip
configure:5769: result: strip
configure:5841: checking for ranlib
configure:5857: found /usr/bin/ranlib
configure:5868: result: ranlib
configure:5970: checking command to parse /usr/bin/nm -B output from ccache icc object
configure:6123: ccache icc -c -g -O2 -fdebug-prefix-map=/dev/shm/php7.3-fpm/unixodbc/unixodbc-2.3.6=. -Wformat -march=native -pipe -fstack-security-check -Wformat-security -Wdate-time -D_FORTIFY_SOURCE=2 conftest.c >&5
icc: command line warning #10006: ignoring unknown option '-fdebug-prefix-map=/dev/shm/php7.3-fpm/unixodbc/unixodbc-2.3.6=.'
Front end time                       0.00 (CPU)       0.00 (elapsed)
Back end time                        0.01 (CPU)       0.00 (elapsed)
Total compilation time               0.01 (CPU)       0.00 (elapsed)
configure:6126: $? = 0
configure:6130: /usr/bin/nm -B conftest.o | sed -n -e 's/^.*[	 ]\([ABCDGIRSTW][ABCDGIRSTW]*\)[	 ][	 ]*\([_A-Za-z][_A-Za-z0-9]*\)$/\1 \2 \2/p' | sed '/ __gnu_lto/d' > conftest.nm
configure:6196: ccache icc -o conftest -g -O2 -fdebug-prefix-map=/dev/shm/php7.3-fpm/unixodbc/unixodbc-2.3.6=. -Wformat -march=native -pipe -fstack-security-check -Wformat-security -Wdate-time -D_FORTIFY_SOURCE=2 -Wl,-z,relro -Wl,-z,now -Wl,--as-needed,--gc-sections,--relax -Wl,-z,defs conftest.c conftstm.o >&5
icc: command line warning #10006: ignoring unknown option '-fdebug-prefix-map=/dev/shm/php7.3-fpm/unixodbc/unixodbc-2.3.6=.'
Front end time                       0.01 (CPU)       0.00 (elapsed)
Back end time                        0.00 (CPU)       0.00 (elapsed)
Total compilation time               0.01 (CPU)       0.00 (elapsed)
configure:6199: $? = 0
configure:6237: result: ok
configure:6284: checking for sysroot
configure:6314: result: no
configure:6321: checking for a working dd
configure:6359: result: /bin/dd
configure:6363: checking how to truncate binary pipes
configure:6378: result: /bin/dd bs=4096 count=1
configure:6514: ccache icc -c -g -O2 -fdebug-prefix-map=/dev/shm/php7.3-fpm/unixodbc/unixodbc-2.3.6=. -Wformat -march=native -pipe -fstack-security-check -Wformat-security -Wdate-time -D_FORTIFY_SOURCE=2 conftest.c >&5
icc: command line warning #10006: ignoring unknown option '-fdebug-prefix-map=/dev/shm/php7.3-fpm/unixodbc/unixodbc-2.3.6=.'
Front end time                       0.00 (CPU)       0.00 (elapsed)
Back end time                        0.00 (CPU)       0.00 (elapsed)
Total compilation time               0.01 (CPU)       0.00 (elapsed)
configure:6517: $? = 0
configure:6707: checking for mt
configure:6723: found /bin/mt
configure:6734: result: mt
configure:6757: checking if mt is a manifest tool
configure:6763: mt '-?'
configure:6771: result: no
configure:7448: checking how to run the C preprocessor
configure:7518: result: ccache icc -E
configure:7538: ccache icc -E -Wdate-time -D_FORTIFY_SOURCE=2 conftest.c
Front end time                       0.01 (CPU)       0.00 (elapsed)
Total compilation time               0.01 (CPU)       0.00 (elapsed)
configure:7538: $? = 0
configure:7552: ccache icc -E -Wdate-time -D_FORTIFY_SOURCE=2 conftest.c
conftest.c(11): error #2379: cannot open source file "ac_nonexistent.h"
  #include <ac_nonexistent.h>
                             ^

Front end time                       0.00 (CPU)       0.00 (elapsed)
Total compilation time               0.01 (CPU)       0.00 (elapsed)
configure:7552: $? = 2
configure: failed program was:
| /* confdefs.h */
| #define PACKAGE_NAME "libltdl"
| #define PACKAGE_TARNAME "libltdl"
| #define PACKAGE_VERSION "2.4.3a"
| #define PACKAGE_STRING "libltdl 2.4.3a"
| #define PACKAGE_BUGREPORT "bug-libtool@gnu.org"
| #define PACKAGE_URL ""
| #define PACKAGE "libltdl"
| #define VERSION "2.4.3a"
| /* end confdefs.h.  */
| #include <ac_nonexistent.h>
configure:7581: checking for ANSI C header files
configure:7601: ccache icc -c -g -O2 -fdebug-prefix-map=/dev/shm/php7.3-fpm/unixodbc/unixodbc-2.3.6=. -Wformat -march=native -pipe -fstack-security-check -Wformat-security -Wdate-time -D_FORTIFY_SOURCE=2 conftest.c >&5
icc: command line warning #10006: ignoring unknown option '-fdebug-prefix-map=/dev/shm/php7.3-fpm/unixodbc/unixodbc-2.3.6=.'
Front end time                       0.04 (CPU)       0.00 (elapsed)
Back end time                        0.01 (CPU)       0.00 (elapsed)
Total compilation time               0.04 (CPU)       0.00 (elapsed)
configure:7601: $? = 0
Front end time                       0.01 (CPU)       0.00 (elapsed)
Total compilation time               0.01 (CPU)       0.00 (elapsed)
Front end time                       0.02 (CPU)       0.00 (elapsed)
Total compilation time               0.02 (CPU)       0.00 (elapsed)
configure:7674: ccache icc -o conftest -g -O2 -fdebug-prefix-map=/dev/shm/php7.3-fpm/unixodbc/unixodbc-2.3.6=. -Wformat -march=native -pipe -fstack-security-check -Wformat-security -Wdate-time -D_FORTIFY_SOURCE=2 -Wl,-z,relro -Wl,-z,now -Wl,--as-needed,--gc-sections,--relax -Wl,-z,defs conftest.c  >&5
icc: command line warning #10006: ignoring unknown option '-fdebug-prefix-map=/dev/shm/php7.3-fpm/unixodbc/unixodbc-2.3.6=.'
Front end time                       0.03 (CPU)       0.00 (elapsed)
Back end time                        0.01 (CPU)       0.00 (elapsed)
Total compilation time               0.04 (CPU)       0.00 (elapsed)
configure:7674: $? = 0
configure:7674: ./conftest
configure:7674: $? = 0
configure:7685: result: yes
configure:7698: checking for sys/types.h
configure:7698: ccache icc -c -g -O2 -fdebug-prefix-map=/dev/shm/php7.3-fpm/unixodbc/unixodbc-2.3.6=. -Wformat -march=native -pipe -fstack-security-check -Wformat-security -Wdate-time -D_FORTIFY_SOURCE=2 conftest.c >&5
icc: command line warning #10006: ignoring unknown option '-fdebug-prefix-map=/dev/shm/php7.3-fpm/unixodbc/unixodbc-2.3.6=.'
Front end time                       0.04 (CPU)       0.00 (elapsed)
Back end time                        0.01 (CPU)       0.00 (elapsed)
Total compilation time               0.05 (CPU)       0.00 (elapsed)
configure:7698: $? = 0
configure:7698: result: yes
configure:7698: checking for sys/stat.h
configure:7698: ccache icc -c -g -O2 -fdebug-prefix-map=/dev/shm/php7.3-fpm/unixodbc/unixodbc-2.3.6=. -Wformat -march=native -pipe -fstack-security-check -Wformat-security -Wdate-time -D_FORTIFY_SOURCE=2 conftest.c >&5
icc: command line warning #10006: ignoring unknown option '-fdebug-prefix-map=/dev/shm/php7.3-fpm/unixodbc/unixodbc-2.3.6=.'
Front end time                       0.04 (CPU)       0.00 (elapsed)
Back end time                        0.01 (CPU)       0.00 (elapsed)
Total compilation time               0.05 (CPU)       0.00 (elapsed)
configure:7698: $? = 0
configure:7698: result: yes
configure:7698: checking for stdlib.h
configure:7698: ccache icc -c -g -O2 -fdebug-prefix-map=/dev/shm/php7.3-fpm/unixodbc/unixodbc-2.3.6=. -Wformat -march=native -pipe -fstack-security-check -Wformat-security -Wdate-time -D_FORTIFY_SOURCE=2 conftest.c >&5
icc: command line warning #10006: ignoring unknown option '-fdebug-prefix-map=/dev/shm/php7.3-fpm/unixodbc/unixodbc-2.3.6=.'
Front end time                       0.04 (CPU)       0.00 (elapsed)
Back end time                        0.01 (CPU)       0.00 (elapsed)
Total compilation time               0.05 (CPU)       0.00 (elapsed)
configure:7698: $? = 0
configure:7698: result: yes
configure:7698: checking for string.h
configure:7698: ccache icc -c -g -O2 -fdebug-prefix-map=/dev/shm/php7.3-fpm/unixodbc/unixodbc-2.3.6=. -Wformat -march=native -pipe -fstack-security-check -Wformat-security -Wdate-time -D_FORTIFY_SOURCE=2 conftest.c >&5
icc: command line warning #10006: ignoring unknown option '-fdebug-prefix-map=/dev/shm/php7.3-fpm/unixodbc/unixodbc-2.3.6=.'
Front end time                       0.05 (CPU)       0.00 (elapsed)
Back end time                        0.01 (CPU)       0.00 (elapsed)
Total compilation time               0.06 (CPU)       0.00 (elapsed)
configure:7698: $? = 0
configure:7698: result: yes
configure:7698: checking for memory.h
configure:7698: ccache icc -c -g -O2 -fdebug-prefix-map=/dev/shm/php7.3-fpm/unixodbc/unixodbc-2.3.6=. -Wformat -march=native -pipe -fstack-security-check -Wformat-security -Wdate-time -D_FORTIFY_SOURCE=2 conftest.c >&5
icc: command line warning #10006: ignoring unknown option '-fdebug-prefix-map=/dev/shm/php7.3-fpm/unixodbc/unixodbc-2.3.6=.'
Front end time                       0.05 (CPU)       0.00 (elapsed)
Back end time                        0.01 (CPU)       0.00 (elapsed)
Total compilation time               0.06 (CPU)       0.00 (elapsed)
configure:7698: $? = 0
configure:7698: result: yes
configure:7698: checking for strings.h
configure:7698: ccache icc -c -g -O2 -fdebug-prefix-map=/dev/shm/php7.3-fpm/unixodbc/unixodbc-2.3.6=. -Wformat -march=native -pipe -fstack-security-check -Wformat-security -Wdate-time -D_FORTIFY_SOURCE=2 conftest.c >&5
icc: command line warning #10006: ignoring unknown option '-fdebug-prefix-map=/dev/shm/php7.3-fpm/unixodbc/unixodbc-2.3.6=.'
Front end time                       0.05 (CPU)       0.00 (elapsed)
Back end time                        0.01 (CPU)       0.00 (elapsed)
Total compilation time               0.06 (CPU)       0.00 (elapsed)
configure:7698: $? = 0
configure:7698: result: yes
configure:7698: checking for inttypes.h
configure:7698: ccache icc -c -g -O2 -fdebug-prefix-map=/dev/shm/php7.3-fpm/unixodbc/unixodbc-2.3.6=. -Wformat -march=native -pipe -fstack-security-check -Wformat-security -Wdate-time -D_FORTIFY_SOURCE=2 conftest.c >&5
icc: command line warning #10006: ignoring unknown option '-fdebug-prefix-map=/dev/shm/php7.3-fpm/unixodbc/unixodbc-2.3.6=.'
Front end time                       0.05 (CPU)       0.00 (elapsed)
Back end time                        0.01 (CPU)       0.00 (elapsed)
Total compilation time               0.06 (CPU)       0.00 (elapsed)
configure:7698: $? = 0
configure:7698: result: yes
configure:7698: checking for stdint.h
configure:7698: ccache icc -c -g -O2 -fdebug-prefix-map=/dev/shm/php7.3-fpm/unixodbc/unixodbc-2.3.6=. -Wformat -march=native -pipe -fstack-security-check -Wformat-security -Wdate-time -D_FORTIFY_SOURCE=2 conftest.c >&5
icc: command line warning #10006: ignoring unknown option '-fdebug-prefix-map=/dev/shm/php7.3-fpm/unixodbc/unixodbc-2.3.6=.'
Front end time                       0.05 (CPU)       0.00 (elapsed)
Back end time                        0.01 (CPU)       0.00 (elapsed)
Total compilation time               0.06 (CPU)       0.00 (elapsed)
configure:7698: $? = 0
configure:7698: result: yes
configure:7698: checking for unistd.h
configure:7698: ccache icc -c -g -O2 -fdebug-prefix-map=/dev/shm/php7.3-fpm/unixodbc/unixodbc-2.3.6=. -Wformat -march=native -pipe -fstack-security-check -Wformat-security -Wdate-time -D_FORTIFY_SOURCE=2 conftest.c >&5
icc: command line warning #10006: ignoring unknown option '-fdebug-prefix-map=/dev/shm/php7.3-fpm/unixodbc/unixodbc-2.3.6=.'
Front end time                       0.07 (CPU)       0.00 (elapsed)
Back end time                        0.01 (CPU)       0.00 (elapsed)
Total compilation time               0.08 (CPU)       0.00 (elapsed)
configure:7698: $? = 0
configure:7698: result: yes
configure:7712: checking for dlfcn.h
configure:7712: ccache icc -c -g -O2 -fdebug-prefix-map=/dev/shm/php7.3-fpm/unixodbc/unixodbc-2.3.6=. -Wformat -march=native -pipe -fstack-security-check -Wformat-security -Wdate-time -D_FORTIFY_SOURCE=2 conftest.c >&5
icc: command line warning #10006: ignoring unknown option '-fdebug-prefix-map=/dev/shm/php7.3-fpm/unixodbc/unixodbc-2.3.6=.'
Front end time                       0.07 (CPU)       0.00 (elapsed)
Back end time                        0.01 (CPU)       0.00 (elapsed)
Total compilation time               0.08 (CPU)       0.00 (elapsed)
configure:7712: $? = 0
configure:7712: result: yes
configure:8265: checking for objdir
configure:8280: result: .libs
configure:8544: checking if ccache icc supports -fno-rtti -fno-exceptions
configure:8562: ccache icc -c -g -O2 -fdebug-prefix-map=/dev/shm/php7.3-fpm/unixodbc/unixodbc-2.3.6=. -Wformat -march=native -pipe -fstack-security-check -Wformat-security -Wdate-time -D_FORTIFY_SOURCE=2 -fno-rtti -fno-exceptions conftest.c >&5
icc: command line warning #10006: ignoring unknown option '-fdebug-prefix-map=/dev/shm/php7.3-fpm/unixodbc/unixodbc-2.3.6=.'
Front end time                       0.00 (CPU)       0.00 (elapsed)
Back end time                        0.00 (CPU)       0.00 (elapsed)
Total compilation time               0.01 (CPU)       0.00 (elapsed)
configure:8566: $? = 0
configure:8579: result: yes
configure:8937: checking for ccache icc option to produce PIC
configure:8944: result: -fPIC -DPIC
configure:8952: checking if ccache icc PIC flag -fPIC -DPIC works
configure:8970: ccache icc -c -g -O2 -fdebug-prefix-map=/dev/shm/php7.3-fpm/unixodbc/unixodbc-2.3.6=. -Wformat -march=native -pipe -fstack-security-check -Wformat-security -Wdate-time -D_FORTIFY_SOURCE=2 -fPIC -DPIC -DPIC conftest.c >&5
icc: command line warning #10006: ignoring unknown option '-fdebug-prefix-map=/dev/shm/php7.3-fpm/unixodbc/unixodbc-2.3.6=.'
Front end time                       0.00 (CPU)       0.00 (elapsed)
Back end time                        0.00 (CPU)       0.00 (elapsed)
Total compilation time               0.01 (CPU)       0.00 (elapsed)
configure:8974: $? = 0
configure:8987: result: yes
configure:9016: checking if ccache icc static flag -static works
icc: command line warning #10006: ignoring unknown option '-fdebug-prefix-map=/dev/shm/php7.3-fpm/unixodbc/unixodbc-2.3.6=.'
Front end time                       0.00 (CPU)       0.00 (elapsed)
Back end time                        0.01 (CPU)       0.00 (elapsed)
Total compilation time               0.01 (CPU)       0.00 (elapsed)
/usr/bin/x86_64-linux-gnu-ld: /opt/intel/compilers_and_libraries_2019.1.144/linux/compiler/lib/intel64_lin/libiomp5.a(ompt-general.o): in function `ompt_pre_init':
(.text+0x2450): warning: Using 'dlopen' in statically linked applications requires at runtime the shared libraries from the glibc version used for linking
configure:9044: result: no
configure:9059: checking if ccache icc supports -c -o file.o
configure:9080: ccache icc -c -g -O2 -fdebug-prefix-map=/dev/shm/php7.3-fpm/unixodbc/unixodbc-2.3.6=. -Wformat -march=native -pipe -fstack-security-check -Wformat-security -Wdate-time -D_FORTIFY_SOURCE=2 -o out/conftest2.o conftest.c >&5
icc: command line warning #10006: ignoring unknown option '-fdebug-prefix-map=/dev/shm/php7.3-fpm/unixodbc/unixodbc-2.3.6=.'
Front end time                       0.00 (CPU)       0.00 (elapsed)
Back end time                        0.00 (CPU)       0.00 (elapsed)
Total compilation time               0.01 (CPU)       0.00 (elapsed)
configure:9084: $? = 0
configure:9106: result: yes
configure:9114: checking if ccache icc supports -c -o file.o
configure:9161: result: yes
configure:9194: checking whether the ccache icc linker (xild -m elf_x86_64 -m elf_x86_64) supports shared libraries
configure:10457: result: yes
configure:10494: checking whether -lc should be explicitly linked in
configure:10502: ccache icc -c -g -O2 -fdebug-prefix-map=/dev/shm/php7.3-fpm/unixodbc/unixodbc-2.3.6=. -Wformat -march=native -pipe -fstack-security-check -Wformat-security -Wdate-time -D_FORTIFY_SOURCE=2 conftest.c >&5
icc: command line warning #10006: ignoring unknown option '-fdebug-prefix-map=/dev/shm/php7.3-fpm/unixodbc/unixodbc-2.3.6=.'
Front end time                       0.00 (CPU)       0.00 (elapsed)
Back end time                        0.00 (CPU)       0.00 (elapsed)
Total compilation time               0.01 (CPU)       0.00 (elapsed)
configure:10505: $? = 0
configure:10520: ccache icc -shared  -fPIC -DPIC conftest.o  -v -Wl,-soname -Wl,conftest -o conftest 2\>\&1 \| /bin/grep  -lc  \>/dev/null 2\>\&1
configure:10523: $? = 0
configure:10537: result: no
configure:10697: checking dynamic linker characteristics
configure:11278: ccache icc -o conftest -g -O2 -fdebug-prefix-map=/dev/shm/php7.3-fpm/unixodbc/unixodbc-2.3.6=. -Wformat -march=native -pipe -fstack-security-check -Wformat-security -Wdate-time -D_FORTIFY_SOURCE=2 -Wl,-z,relro -Wl,-z,now -Wl,--as-needed,--gc-sections,--relax -Wl,-z,defs -Wl,-rpath -Wl,/foo conftest.c  >&5
icc: command line warning #10006: ignoring unknown option '-fdebug-prefix-map=/dev/shm/php7.3-fpm/unixodbc/unixodbc-2.3.6=.'
Front end time                       0.00 (CPU)       0.00 (elapsed)
Back end time                        0.00 (CPU)       0.00 (elapsed)
Total compilation time               0.01 (CPU)       0.00 (elapsed)
configure:11278: $? = 0
configure:11527: result: GNU/Linux ld.so
configure:11649: checking how to hardcode library paths into programs
configure:11674: result: immediate
configure:11776: checking for shl_load
configure:11776: ccache icc -o conftest -g -O2 -fdebug-prefix-map=/dev/shm/php7.3-fpm/unixodbc/unixodbc-2.3.6=. -Wformat -march=native -pipe -fstack-security-check -Wformat-security -Wdate-time -D_FORTIFY_SOURCE=2 -Wl,-z,relro -Wl,-z,now -Wl,--as-needed,--gc-sections,--relax -Wl,-z,defs conftest.c  >&5
icc: command line warning #10006: ignoring unknown option '-fdebug-prefix-map=/dev/shm/php7.3-fpm/unixodbc/unixodbc-2.3.6=.'
Front end time                       0.01 (CPU)       0.00 (elapsed)
Back end time                        0.00 (CPU)       0.00 (elapsed)
Total compilation time               0.01 (CPU)       0.00 (elapsed)
ipo: warning #11021: unresolved shl_load
        Referenced in /tmp/ipo_iccXQCQIA.o
/usr/bin/x86_64-linux-gnu-ld: /tmp/ipo_iccXQCQIA.o: in function `main':
/dev/shm/php7.3-fpm/unixodbc/unixodbc-2.3.6/libltdl/conftest.c:57: undefined reference to `shl_load'
configure:11776: $? = 1
configure: failed program was:
| /* confdefs.h */
| #define PACKAGE_NAME "libltdl"
| #define PACKAGE_TARNAME "libltdl"
| #define PACKAGE_VERSION "2.4.3a"
| #define PACKAGE_STRING "libltdl 2.4.3a"
| #define PACKAGE_BUGREPORT "bug-libtool@gnu.org"
| #define PACKAGE_URL ""
| #define PACKAGE "libltdl"
| #define VERSION "2.4.3a"
| #define STDC_HEADERS 1
| #define HAVE_SYS_TYPES_H 1
| #define HAVE_SYS_STAT_H 1
| #define HAVE_STDLIB_H 1
| #define HAVE_STRING_H 1
| #define HAVE_MEMORY_H 1
| #define HAVE_STRINGS_H 1
| #define HAVE_INTTYPES_H 1
| #define HAVE_STDINT_H 1
| #define HAVE_UNISTD_H 1
| #define HAVE_DLFCN_H 1
| #define LT_OBJDIR ".libs/"
| /* end confdefs.h.  */
| /* Define shl_load to an innocuous variant, in case <limits.h> declares shl_load.
|    For example, HP-UX 11i <limits.h> declares gettimeofday.  */
| #define shl_load innocuous_shl_load
| 
| /* System header to define __stub macros and hopefully few prototypes,
|     which can conflict with char shl_load (); below.
|     Prefer <limits.h> to <assert.h> if __STDC__ is defined, since
|     <limits.h> exists even on freestanding compilers.  */
| 
| #ifdef __STDC__
| # include <limits.h>
| #else
| # include <assert.h>
| #endif
| 
| #undef shl_load
| 
| /* Override any GCC internal prototype to avoid an error.
|    Use char because int might match the return type of a GCC
|    builtin and then its argument prototype would still apply.  */
| #ifdef __cplusplus
| extern "C"
| #endif
| char shl_load ();
| /* The GNU C library defines this for functions which it implements
|     to always fail with ENOSYS.  Some functions are actually named
|     something starting with __ and the normal name is an alias.  */
| #if defined __stub_shl_load || defined __stub___shl_load
| choke me
| #endif
| 
| int
| main ()
| {
| return shl_load ();
|   ;
|   return 0;
| }
configure:11776: result: no
configure:11780: checking for shl_load in -ldld
configure:11805: ccache icc -o conftest -g -O2 -fdebug-prefix-map=/dev/shm/php7.3-fpm/unixodbc/unixodbc-2.3.6=. -Wformat -march=native -pipe -fstack-security-check -Wformat-security -Wdate-time -D_FORTIFY_SOURCE=2 -Wl,-z,relro -Wl,-z,now -Wl,--as-needed,--gc-sections,--relax -Wl,-z,defs conftest.c -ldld   >&5
icc: command line warning #10006: ignoring unknown option '-fdebug-prefix-map=/dev/shm/php7.3-fpm/unixodbc/unixodbc-2.3.6=.'
Front end time                       0.00 (CPU)       0.00 (elapsed)
Back end time                        0.00 (CPU)       0.00 (elapsed)
Total compilation time               0.01 (CPU)       0.00 (elapsed)
ipo: warning #11021: unresolved shl_load
        Referenced in /tmp/ipo_iccuXx54Z.o
/usr/bin/x86_64-linux-gnu-ld: cannot find -ldld
configure:11805: $? = 1
configure: failed program was:
| /* confdefs.h */
| #define PACKAGE_NAME "libltdl"
| #define PACKAGE_TARNAME "libltdl"
| #define PACKAGE_VERSION "2.4.3a"
| #define PACKAGE_STRING "libltdl 2.4.3a"
| #define PACKAGE_BUGREPORT "bug-libtool@gnu.org"
| #define PACKAGE_URL ""
| #define PACKAGE "libltdl"
| #define VERSION "2.4.3a"
| #define STDC_HEADERS 1
| #define HAVE_SYS_TYPES_H 1
| #define HAVE_SYS_STAT_H 1
| #define HAVE_STDLIB_H 1
| #define HAVE_STRING_H 1
| #define HAVE_MEMORY_H 1
| #define HAVE_STRINGS_H 1
| #define HAVE_INTTYPES_H 1
| #define HAVE_STDINT_H 1
| #define HAVE_UNISTD_H 1
| #define HAVE_DLFCN_H 1
| #define LT_OBJDIR ".libs/"
| /* end confdefs.h.  */
| 
| /* Override any GCC internal prototype to avoid an error.
|    Use char because int might match the return type of a GCC
|    builtin and then its argument prototype would still apply.  */
| #ifdef __cplusplus
| extern "C"
| #endif
| char shl_load ();
| int
| main ()
| {
| return shl_load ();
|   ;
|   return 0;
| }
configure:11814: result: no
configure:11819: checking for dlopen
configure:11819: ccache icc -o conftest -g -O2 -fdebug-prefix-map=/dev/shm/php7.3-fpm/unixodbc/unixodbc-2.3.6=. -Wformat -march=native -pipe -fstack-security-check -Wformat-security -Wdate-time -D_FORTIFY_SOURCE=2 -Wl,-z,relro -Wl,-z,now -Wl,--as-needed,--gc-sections,--relax -Wl,-z,defs conftest.c  >&5
icc: command line warning #10006: ignoring unknown option '-fdebug-prefix-map=/dev/shm/php7.3-fpm/unixodbc/unixodbc-2.3.6=.'
Front end time                       0.01 (CPU)       0.00 (elapsed)
Back end time                        0.01 (CPU)       0.00 (elapsed)
Total compilation time               0.02 (CPU)       0.00 (elapsed)
configure:11819: $? = 0
configure:11819: result: yes
configure:11976: checking whether a program can dlopen itself
configure:12056: ccache icc -o conftest -g -O2 -fdebug-prefix-map=/dev/shm/php7.3-fpm/unixodbc/unixodbc-2.3.6=. -Wformat -march=native -pipe -fstack-security-check -Wformat-security -Wdate-time -D_FORTIFY_SOURCE=2 -DHAVE_DLFCN_H -Wl,-z,relro -Wl,-z,now -Wl,--as-needed,--gc-sections,--relax -Wl,-z,defs -Wl,--export-dynamic conftest.c   >&5
icc: command line warning #10006: ignoring unknown option '-fdebug-prefix-map=/dev/shm/php7.3-fpm/unixodbc/unixodbc-2.3.6=.'
Front end time                       0.02 (CPU)       0.00 (elapsed)
Back end time                        0.01 (CPU)       0.00 (elapsed)
Total compilation time               0.03 (CPU)       0.00 (elapsed)
configure:12059: $? = 0
configure:12077: result: yes
configure:12082: checking whether a statically linked program can dlopen itself
configure:12162: ccache icc -o conftest -g -O2 -fdebug-prefix-map=/dev/shm/php7.3-fpm/unixodbc/unixodbc-2.3.6=. -Wformat -march=native -pipe -fstack-security-check -Wformat-security -Wdate-time -D_FORTIFY_SOURCE=2 -DHAVE_DLFCN_H -Wl,-z,relro -Wl,-z,now -Wl,--as-needed,--gc-sections,--relax -Wl,-z,defs -Wl,--export-dynamic  conftest.c   >&5
icc: command line warning #10006: ignoring unknown option '-fdebug-prefix-map=/dev/shm/php7.3-fpm/unixodbc/unixodbc-2.3.6=.'
Front end time                       0.02 (CPU)       0.00 (elapsed)
Back end time                        0.01 (CPU)       0.00 (elapsed)
Total compilation time               0.03 (CPU)       0.00 (elapsed)
configure:12165: $? = 0
configure:12183: result: yes
configure:12222: checking whether stripping libraries is possible
configure:12227: result: yes
configure:12262: checking if libtool supports shared libraries
configure:12264: result: yes
configure:12267: checking whether to build shared libraries
configure:12292: result: yes
configure:12295: checking whether to build static libraries
configure:12299: result: yes
configure:12336: checking what extension is used for runtime loadable modules
configure:12348: result: .so
configure:12372: checking what variable specifies run-time module search path
configure:12379: result: LD_LIBRARY_PATH
configure:12389: checking for the default library search path
configure:12396: result: /lib /usr/lib /usr/lib/x86_64-linux-gnu/libfakeroot /opt/intel/compilers_and_libraries/linux/lib/intel64_lin /usr/local/lib /usr/local/lib/x86_64-linux-gnu /lib/x86_64-linux-gnu /usr/lib/x86_64-linux-gnu /lib32 /usr/lib32 /libx32 /usr/libx32 
configure:12427: checking for library containing dlopen
configure:12458: ccache icc -o conftest -g -O2 -fdebug-prefix-map=/dev/shm/php7.3-fpm/unixodbc/unixodbc-2.3.6=. -Wformat -march=native -pipe -fstack-security-check -Wformat-security -Wdate-time -D_FORTIFY_SOURCE=2 -Wl,-z,relro -Wl,-z,now -Wl,--as-needed,--gc-sections,--relax -Wl,-z,defs conftest.c  >&5
icc: command line warning #10006: ignoring unknown option '-fdebug-prefix-map=/dev/shm/php7.3-fpm/unixodbc/unixodbc-2.3.6=.'
Front end time                       0.00 (CPU)       0.00 (elapsed)
Back end time                        0.01 (CPU)       0.00 (elapsed)
Total compilation time               0.01 (CPU)       0.00 (elapsed)
configure:12458: $? = 0
configure:12475: result: none required
configure:12565: checking for dlerror
configure:12565: ccache icc -o conftest -g -O2 -fdebug-prefix-map=/dev/shm/php7.3-fpm/unixodbc/unixodbc-2.3.6=. -Wformat -march=native -pipe -fstack-security-check -Wformat-security -Wdate-time -D_FORTIFY_SOURCE=2 -Wl,-z,relro -Wl,-z,now -Wl,--as-needed,--gc-sections,--relax -Wl,-z,defs conftest.c   >&5
icc: command line warning #10006: ignoring unknown option '-fdebug-prefix-map=/dev/shm/php7.3-fpm/unixodbc/unixodbc-2.3.6=.'
Front end time                       0.01 (CPU)       0.00 (elapsed)
Back end time                        0.00 (CPU)       0.00 (elapsed)
Total compilation time               0.01 (CPU)       0.00 (elapsed)
configure:12565: $? = 0
configure:12565: result: yes
configure:12579: checking for shl_load
configure:12579: result: no
configure:12586: checking for shl_load in -ldld
configure:12620: result: no
configure:12666: checking for dld_link in -ldld
configure:12691: ccache icc -o conftest -g -O2 -fdebug-prefix-map=/dev/shm/php7.3-fpm/unixodbc/unixodbc-2.3.6=. -Wformat -march=native -pipe -fstack-security-check -Wformat-security -Wdate-time -D_FORTIFY_SOURCE=2 -Wl,-z,relro -Wl,-z,now -Wl,--as-needed,--gc-sections,--relax -Wl,-z,defs conftest.c -ldld   >&5
icc: command line warning #10006: ignoring unknown option '-fdebug-prefix-map=/dev/shm/php7.3-fpm/unixodbc/unixodbc-2.3.6=.'
Front end time                       0.00 (CPU)       0.00 (elapsed)
Back end time                        0.00 (CPU)       0.00 (elapsed)
Total compilation time               0.01 (CPU)       0.00 (elapsed)
ipo: warning #11021: unresolved dld_link
        Referenced in /tmp/ipo_iccv3bYCI.o
/usr/bin/x86_64-linux-gnu-ld: cannot find -ldld
configure:12691: $? = 1
configure: failed program was:
| /* confdefs.h */
| #define PACKAGE_NAME "libltdl"
| #define PACKAGE_TARNAME "libltdl"
| #define PACKAGE_VERSION "2.4.3a"
| #define PACKAGE_STRING "libltdl 2.4.3a"
| #define PACKAGE_BUGREPORT "bug-libtool@gnu.org"
| #define PACKAGE_URL ""
| #define PACKAGE "libltdl"
| #define VERSION "2.4.3a"
| #define STDC_HEADERS 1
| #define HAVE_SYS_TYPES_H 1
| #define HAVE_SYS_STAT_H 1
| #define HAVE_STDLIB_H 1
| #define HAVE_STRING_H 1
| #define HAVE_MEMORY_H 1
| #define HAVE_STRINGS_H 1
| #define HAVE_INTTYPES_H 1
| #define HAVE_STDINT_H 1
| #define HAVE_UNISTD_H 1
| #define HAVE_DLFCN_H 1
| #define LT_OBJDIR ".libs/"
| #define LT_MODULE_EXT ".so"
| #define LT_MODULE_PATH_VAR "LD_LIBRARY_PATH"
| #define LT_DLSEARCH_PATH "/lib:/usr/lib:/usr/lib/x86_64-linux-gnu/libfakeroot:/opt/intel/compilers_and_libraries/linux/lib/intel64_lin:/usr/local/lib:/usr/local/lib/x86_64-linux-gnu:/lib/x86_64-linux-gnu:/usr/lib/x86_64-linux-gnu:/lib32:/usr/lib32:/libx32:/usr/libx32"
| #define HAVE_LIBDL 1
| #define HAVE_DLERROR 1
| /* end confdefs.h.  */
| 
| /* Override any GCC internal prototype to avoid an error.
|    Use char because int might match the return type of a GCC
|    builtin and then its argument prototype would still apply.  */
| #ifdef __cplusplus
| extern "C"
| #endif
| char dld_link ();
| int
| main ()
| {
| return dld_link ();
|   ;
|   return 0;
| }
configure:12700: result: no
configure:12735: checking for _ prefix in compiled symbols
configure:12745: ccache icc -c -g -O2 -fdebug-prefix-map=/dev/shm/php7.3-fpm/unixodbc/unixodbc-2.3.6=. -Wformat -march=native -pipe -fstack-security-check -Wformat-security -Wdate-time -D_FORTIFY_SOURCE=2 conftest.c >&5
icc: command line warning #10006: ignoring unknown option '-fdebug-prefix-map=/dev/shm/php7.3-fpm/unixodbc/unixodbc-2.3.6=.'
Front end time                       0.00 (CPU)       0.00 (elapsed)
Back end time                        0.01 (CPU)       0.00 (elapsed)
Total compilation time               0.01 (CPU)       0.00 (elapsed)
configure:12748: $? = 0
configure:12752: /usr/bin/nm -B conftest.o \| sed -n -e 's/^.*[	 ]\([ABCDGIRSTW][ABCDGIRSTW]*\)[	 ][	 ]*\([_A-Za-z][_A-Za-z0-9]*\)$/\1 \2 \2/p' | sed '/ __gnu_lto/d' \> conftest.nm
configure:12755: $? = 0
configure:12777: result: no
configure:12894: checking whether deplibs are loaded by dlopen
configure:12991: result: yes
configure:13002: checking for argz.h
configure:13002: ccache icc -c -g -O2 -fdebug-prefix-map=/dev/shm/php7.3-fpm/unixodbc/unixodbc-2.3.6=. -Wformat -march=native -pipe -fstack-security-check -Wformat-security -Wdate-time -D_FORTIFY_SOURCE=2 conftest.c >&5
icc: command line warning #10006: ignoring unknown option '-fdebug-prefix-map=/dev/shm/php7.3-fpm/unixodbc/unixodbc-2.3.6=.'
Front end time                       0.07 (CPU)       0.00 (elapsed)
Back end time                        0.01 (CPU)       0.00 (elapsed)
Total compilation time               0.08 (CPU)       0.00 (elapsed)
configure:13002: $? = 0
configure:13002: result: yes
configure:13014: checking for error_t
configure:13014: ccache icc -c -g -O2 -fdebug-prefix-map=/dev/shm/php7.3-fpm/unixodbc/unixodbc-2.3.6=. -Wformat -march=native -pipe -fstack-security-check -Wformat-security -Wdate-time -D_FORTIFY_SOURCE=2 conftest.c >&5
icc: command line warning #10006: ignoring unknown option '-fdebug-prefix-map=/dev/shm/php7.3-fpm/unixodbc/unixodbc-2.3.6=.'
Front end time                       0.02 (CPU)       0.00 (elapsed)
Back end time                        0.01 (CPU)       0.00 (elapsed)
Total compilation time               0.03 (CPU)       0.00 (elapsed)
configure:13014: $? = 0
configure:13014: ccache icc -c -g -O2 -fdebug-prefix-map=/dev/shm/php7.3-fpm/unixodbc/unixodbc-2.3.6=. -Wformat -march=native -pipe -fstack-security-check -Wformat-security -Wdate-time -D_FORTIFY_SOURCE=2 conftest.c >&5
icc: command line warning #10006: ignoring unknown option '-fdebug-prefix-map=/dev/shm/php7.3-fpm/unixodbc/unixodbc-2.3.6=.'
conftest.c(37): error: expected an expression
  if (sizeof ((error_t)))
                       ^

Front end time                       0.02 (CPU)       0.00 (elapsed)
Total compilation time               0.02 (CPU)       0.00 (elapsed)
compilation aborted for conftest.c (code 2)
configure:13014: $? = 2
configure: failed program was:
| /* confdefs.h */
| #define PACKAGE_NAME "libltdl"
| #define PACKAGE_TARNAME "libltdl"
| #define PACKAGE_VERSION "2.4.3a"
| #define PACKAGE_STRING "libltdl 2.4.3a"
| #define PACKAGE_BUGREPORT "bug-libtool@gnu.org"
| #define PACKAGE_URL ""
| #define PACKAGE "libltdl"
| #define VERSION "2.4.3a"
| #define STDC_HEADERS 1
| #define HAVE_SYS_TYPES_H 1
| #define HAVE_SYS_STAT_H 1
| #define HAVE_STDLIB_H 1
| #define HAVE_STRING_H 1
| #define HAVE_MEMORY_H 1
| #define HAVE_STRINGS_H 1
| #define HAVE_INTTYPES_H 1
| #define HAVE_STDINT_H 1
| #define HAVE_UNISTD_H 1
| #define HAVE_DLFCN_H 1
| #define LT_OBJDIR ".libs/"
| #define LT_MODULE_EXT ".so"
| #define LT_MODULE_PATH_VAR "LD_LIBRARY_PATH"
| #define LT_DLSEARCH_PATH "/lib:/usr/lib:/usr/lib/x86_64-linux-gnu/libfakeroot:/opt/intel/compilers_and_libraries/linux/lib/intel64_lin:/usr/local/lib:/usr/local/lib/x86_64-linux-gnu:/lib/x86_64-linux-gnu:/usr/lib/x86_64-linux-gnu:/lib32:/usr/lib32:/libx32:/usr/libx32"
| #define HAVE_LIBDL 1
| #define HAVE_DLERROR 1
| #define HAVE_LIBDLLOADER 1
| #define HAVE_ARGZ_H 1
| /* end confdefs.h.  */
| #if defined(HAVE_ARGZ_H)
| #  include <argz.h>
| #endif
| 
| int
| main ()
| {
| if (sizeof ((error_t)))
| 	    return 0;
|   ;
|   return 0;
| }
configure:13014: result: yes
configure:13040: checking for argz_add
configure:13040: ccache icc -o conftest -g -O2 -fdebug-prefix-map=/dev/shm/php7.3-fpm/unixodbc/unixodbc-2.3.6=. -Wformat -march=native -pipe -fstack-security-check -Wformat-security -Wdate-time -D_FORTIFY_SOURCE=2 -Wl,-z,relro -Wl,-z,now -Wl,--as-needed,--gc-sections,--relax -Wl,-z,defs conftest.c  >&5
icc: command line warning #10006: ignoring unknown option '-fdebug-prefix-map=/dev/shm/php7.3-fpm/unixodbc/unixodbc-2.3.6=.'
Front end time                       0.01 (CPU)       0.00 (elapsed)
Back end time                        0.00 (CPU)       0.00 (elapsed)
Total compilation time               0.01 (CPU)       0.00 (elapsed)
configure:13040: $? = 0
configure:13040: result: yes
configure:13040: checking for argz_append
configure:13040: ccache icc -o conftest -g -O2 -fdebug-prefix-map=/dev/shm/php7.3-fpm/unixodbc/unixodbc-2.3.6=. -Wformat -march=native -pipe -fstack-security-check -Wformat-security -Wdate-time -D_FORTIFY_SOURCE=2 -Wl,-z,relro -Wl,-z,now -Wl,--as-needed,--gc-sections,--relax -Wl,-z,defs conftest.c  >&5
icc: command line warning #10006: ignoring unknown option '-fdebug-prefix-map=/dev/shm/php7.3-fpm/unixodbc/unixodbc-2.3.6=.'
Front end time                       0.01 (CPU)       0.00 (elapsed)
Back end time                        0.00 (CPU)       0.00 (elapsed)
Total compilation time               0.02 (CPU)       0.00 (elapsed)
configure:13040: $? = 0
configure:13040: result: yes
configure:13040: checking for argz_count
configure:13040: ccache icc -o conftest -g -O2 -fdebug-prefix-map=/dev/shm/php7.3-fpm/unixodbc/unixodbc-2.3.6=. -Wformat -march=native -pipe -fstack-security-check -Wformat-security -Wdate-time -D_FORTIFY_SOURCE=2 -Wl,-z,relro -Wl,-z,now -Wl,--as-needed,--gc-sections,--relax -Wl,-z,defs conftest.c  >&5
icc: command line warning #10006: ignoring unknown option '-fdebug-prefix-map=/dev/shm/php7.3-fpm/unixodbc/unixodbc-2.3.6=.'
Front end time                       0.01 (CPU)       0.00 (elapsed)
Back end time                        0.00 (CPU)       0.00 (elapsed)
Total compilation time               0.01 (CPU)       0.00 (elapsed)
configure:13040: $? = 0
configure:13040: result: yes
configure:13040: checking for argz_create_sep
configure:13040: ccache icc -o conftest -g -O2 -fdebug-prefix-map=/dev/shm/php7.3-fpm/unixodbc/unixodbc-2.3.6=. -Wformat -march=native -pipe -fstack-security-check -Wformat-security -Wdate-time -D_FORTIFY_SOURCE=2 -Wl,-z,relro -Wl,-z,now -Wl,--as-needed,--gc-sections,--relax -Wl,-z,defs conftest.c  >&5
icc: command line warning #10006: ignoring unknown option '-fdebug-prefix-map=/dev/shm/php7.3-fpm/unixodbc/unixodbc-2.3.6=.'
Front end time                       0.01 (CPU)       0.00 (elapsed)
Back end time                        0.00 (CPU)       0.00 (elapsed)
Total compilation time               0.01 (CPU)       0.00 (elapsed)
configure:13040: $? = 0
configure:13040: result: yes
configure:13040: checking for argz_insert
configure:13040: ccache icc -o conftest -g -O2 -fdebug-prefix-map=/dev/shm/php7.3-fpm/unixodbc/unixodbc-2.3.6=. -Wformat -march=native -pipe -fstack-security-check -Wformat-security -Wdate-time -D_FORTIFY_SOURCE=2 -Wl,-z,relro -Wl,-z,now -Wl,--as-needed,--gc-sections,--relax -Wl,-z,defs conftest.c  >&5
icc: command line warning #10006: ignoring unknown option '-fdebug-prefix-map=/dev/shm/php7.3-fpm/unixodbc/unixodbc-2.3.6=.'
Front end time                       0.01 (CPU)       0.00 (elapsed)
Back end time                        0.00 (CPU)       0.00 (elapsed)
Total compilation time               0.01 (CPU)       0.00 (elapsed)
configure:13040: $? = 0
configure:13040: result: yes
configure:13040: checking for argz_next
configure:13040: ccache icc -o conftest -g -O2 -fdebug-prefix-map=/dev/shm/php7.3-fpm/unixodbc/unixodbc-2.3.6=. -Wformat -march=native -pipe -fstack-security-check -Wformat-security -Wdate-time -D_FORTIFY_SOURCE=2 -Wl,-z,relro -Wl,-z,now -Wl,--as-needed,--gc-sections,--relax -Wl,-z,defs conftest.c  >&5
icc: command line warning #10006: ignoring unknown option '-fdebug-prefix-map=/dev/shm/php7.3-fpm/unixodbc/unixodbc-2.3.6=.'
Front end time                       0.01 (CPU)       0.00 (elapsed)
Back end time                        0.01 (CPU)       1.00 (elapsed)
Total compilation time               0.02 (CPU)       1.00 (elapsed)
configure:13040: $? = 0
configure:13040: result: yes
configure:13040: checking for argz_stringify
configure:13040: ccache icc -o conftest -g -O2 -fdebug-prefix-map=/dev/shm/php7.3-fpm/unixodbc/unixodbc-2.3.6=. -Wformat -march=native -pipe -fstack-security-check -Wformat-security -Wdate-time -D_FORTIFY_SOURCE=2 -Wl,-z,relro -Wl,-z,now -Wl,--as-needed,--gc-sections,--relax -Wl,-z,defs conftest.c  >&5
icc: command line warning #10006: ignoring unknown option '-fdebug-prefix-map=/dev/shm/php7.3-fpm/unixodbc/unixodbc-2.3.6=.'
Front end time                       0.01 (CPU)       0.00 (elapsed)
Back end time                        0.01 (CPU)       0.00 (elapsed)
Total compilation time               0.02 (CPU)       0.00 (elapsed)
configure:13040: $? = 0
configure:13040: result: yes
configure:13058: checking if argz actually works
configure:13089: result: yes
configure:13108: checking whether libtool supports -dlopen/-dlpreopen
configure:13120: result: yes
configure:13173: checking for unistd.h
configure:13173: result: yes
configure:13173: checking for dl.h
configure:13173: ccache icc -c -g -O2 -fdebug-prefix-map=/dev/shm/php7.3-fpm/unixodbc/unixodbc-2.3.6=. -Wformat -march=native -pipe -fstack-security-check -Wformat-security -Wdate-time -D_FORTIFY_SOURCE=2 conftest.c >&5
icc: command line warning #10006: ignoring unknown option '-fdebug-prefix-map=/dev/shm/php7.3-fpm/unixodbc/unixodbc-2.3.6=.'
conftest.c(75): catastrophic error: cannot open source file "dl.h"
  #include <dl.h>
                 ^

compilation aborted for conftest.c (code 4)
configure:13173: $? = 4
configure: failed program was:
| /* confdefs.h */
| #define PACKAGE_NAME "libltdl"
| #define PACKAGE_TARNAME "libltdl"
| #define PACKAGE_VERSION "2.4.3a"
| #define PACKAGE_STRING "libltdl 2.4.3a"
| #define PACKAGE_BUGREPORT "bug-libtool@gnu.org"
| #define PACKAGE_URL ""
| #define PACKAGE "libltdl"
| #define VERSION "2.4.3a"
| #define STDC_HEADERS 1
| #define HAVE_SYS_TYPES_H 1
| #define HAVE_SYS_STAT_H 1
| #define HAVE_STDLIB_H 1
| #define HAVE_STRING_H 1
| #define HAVE_MEMORY_H 1
| #define HAVE_STRINGS_H 1
| #define HAVE_INTTYPES_H 1
| #define HAVE_STDINT_H 1
| #define HAVE_UNISTD_H 1
| #define HAVE_DLFCN_H 1
| #define LT_OBJDIR ".libs/"
| #define LT_MODULE_EXT ".so"
| #define LT_MODULE_PATH_VAR "LD_LIBRARY_PATH"
| #define LT_DLSEARCH_PATH "/lib:/usr/lib:/usr/lib/x86_64-linux-gnu/libfakeroot:/opt/intel/compilers_and_libraries/linux/lib/intel64_lin:/usr/local/lib:/usr/local/lib/x86_64-linux-gnu:/lib/x86_64-linux-gnu:/usr/lib/x86_64-linux-gnu:/lib32:/usr/lib32:/libx32:/usr/libx32"
| #define HAVE_LIBDL 1
| #define HAVE_DLERROR 1
| #define HAVE_LIBDLLOADER 1
| #define HAVE_ARGZ_H 1
| #define HAVE_ERROR_T 1
| #define HAVE_ARGZ_ADD 1
| #define HAVE_ARGZ_APPEND 1
| #define HAVE_ARGZ_COUNT 1
| #define HAVE_ARGZ_CREATE_SEP 1
| #define HAVE_ARGZ_INSERT 1
| #define HAVE_ARGZ_NEXT 1
| #define HAVE_ARGZ_STRINGIFY 1
| #define HAVE_WORKING_ARGZ 1
| #define HAVE_PRELOADED_SYMBOLS 1
| #define HAVE_UNISTD_H 1
| /* end confdefs.h.  */
| #include <stdio.h>
| #ifdef HAVE_SYS_TYPES_H
| # include <sys/types.h>
| #endif
| #ifdef HAVE_SYS_STAT_H
| # include <sys/stat.h>
| #endif
| #ifdef STDC_HEADERS
| # include <stdlib.h>
| # include <stddef.h>
| #else
| # ifdef HAVE_STDLIB_H
| #  include <stdlib.h>
| # endif
| #endif
| #ifdef HAVE_STRING_H
| # if !defined STDC_HEADERS && defined HAVE_MEMORY_H
| #  include <memory.h>
| # endif
| # include <string.h>
| #endif
| #ifdef HAVE_STRINGS_H
| # include <strings.h>
| #endif
| #ifdef HAVE_INTTYPES_H
| # include <inttypes.h>
| #endif
| #ifdef HAVE_STDINT_H
| # include <stdint.h>
| #endif
| #ifdef HAVE_UNISTD_H
| # include <unistd.h>
| #endif
| 
| #include <dl.h>
configure:13173: result: no
configure:13173: checking for sys/dl.h
configure:13173: ccache icc -c -g -O2 -fdebug-prefix-map=/dev/shm/php7.3-fpm/unixodbc/unixodbc-2.3.6=. -Wformat -march=native -pipe -fstack-security-check -Wformat-security -Wdate-time -D_FORTIFY_SOURCE=2 conftest.c >&5
icc: command line warning #10006: ignoring unknown option '-fdebug-prefix-map=/dev/shm/php7.3-fpm/unixodbc/unixodbc-2.3.6=.'
conftest.c(75): catastrophic error: cannot open source file "sys/dl.h"
  #include <sys/dl.h>
                     ^

compilation aborted for conftest.c (code 4)
configure:13173: $? = 4
configure: failed program was:
| /* confdefs.h */
| #define PACKAGE_NAME "libltdl"
| #define PACKAGE_TARNAME "libltdl"
| #define PACKAGE_VERSION "2.4.3a"
| #define PACKAGE_STRING "libltdl 2.4.3a"
| #define PACKAGE_BUGREPORT "bug-libtool@gnu.org"
| #define PACKAGE_URL ""
| #define PACKAGE "libltdl"
| #define VERSION "2.4.3a"
| #define STDC_HEADERS 1
| #define HAVE_SYS_TYPES_H 1
| #define HAVE_SYS_STAT_H 1
| #define HAVE_STDLIB_H 1
| #define HAVE_STRING_H 1
| #define HAVE_MEMORY_H 1
| #define HAVE_STRINGS_H 1
| #define HAVE_INTTYPES_H 1
| #define HAVE_STDINT_H 1
| #define HAVE_UNISTD_H 1
| #define HAVE_DLFCN_H 1
| #define LT_OBJDIR ".libs/"
| #define LT_MODULE_EXT ".so"
| #define LT_MODULE_PATH_VAR "LD_LIBRARY_PATH"
| #define LT_DLSEARCH_PATH "/lib:/usr/lib:/usr/lib/x86_64-linux-gnu/libfakeroot:/opt/intel/compilers_and_libraries/linux/lib/intel64_lin:/usr/local/lib:/usr/local/lib/x86_64-linux-gnu:/lib/x86_64-linux-gnu:/usr/lib/x86_64-linux-gnu:/lib32:/usr/lib32:/libx32:/usr/libx32"
| #define HAVE_LIBDL 1
| #define HAVE_DLERROR 1
| #define HAVE_LIBDLLOADER 1
| #define HAVE_ARGZ_H 1
| #define HAVE_ERROR_T 1
| #define HAVE_ARGZ_ADD 1
| #define HAVE_ARGZ_APPEND 1
| #define HAVE_ARGZ_COUNT 1
| #define HAVE_ARGZ_CREATE_SEP 1
| #define HAVE_ARGZ_INSERT 1
| #define HAVE_ARGZ_NEXT 1
| #define HAVE_ARGZ_STRINGIFY 1
| #define HAVE_WORKING_ARGZ 1
| #define HAVE_PRELOADED_SYMBOLS 1
| #define HAVE_UNISTD_H 1
| /* end confdefs.h.  */
| #include <stdio.h>
| #ifdef HAVE_SYS_TYPES_H
| # include <sys/types.h>
| #endif
| #ifdef HAVE_SYS_STAT_H
| # include <sys/stat.h>
| #endif
| #ifdef STDC_HEADERS
| # include <stdlib.h>
| # include <stddef.h>
| #else
| # ifdef HAVE_STDLIB_H
| #  include <stdlib.h>
| # endif
| #endif
| #ifdef HAVE_STRING_H
| # if !defined STDC_HEADERS && defined HAVE_MEMORY_H
| #  include <memory.h>
| # endif
| # include <string.h>
| #endif
| #ifdef HAVE_STRINGS_H
| # include <strings.h>
| #endif
| #ifdef HAVE_INTTYPES_H
| # include <inttypes.h>
| #endif
| #ifdef HAVE_STDINT_H
| # include <stdint.h>
| #endif
| #ifdef HAVE_UNISTD_H
| # include <unistd.h>
| #endif
| 
| #include <sys/dl.h>
configure:13173: result: no
configure:13173: checking for dld.h
configure:13173: ccache icc -c -g -O2 -fdebug-prefix-map=/dev/shm/php7.3-fpm/unixodbc/unixodbc-2.3.6=. -Wformat -march=native -pipe -fstack-security-check -Wformat-security -Wdate-time -D_FORTIFY_SOURCE=2 conftest.c >&5
icc: command line warning #10006: ignoring unknown option '-fdebug-prefix-map=/dev/shm/php7.3-fpm/unixodbc/unixodbc-2.3.6=.'
conftest.c(75): catastrophic error: cannot open source file "dld.h"
  #include <dld.h>
                  ^

compilation aborted for conftest.c (code 4)
configure:13173: $? = 4
configure: failed program was:
| /* confdefs.h */
| #define PACKAGE_NAME "libltdl"
| #define PACKAGE_TARNAME "libltdl"
| #define PACKAGE_VERSION "2.4.3a"
| #define PACKAGE_STRING "libltdl 2.4.3a"
| #define PACKAGE_BUGREPORT "bug-libtool@gnu.org"
| #define PACKAGE_URL ""
| #define PACKAGE "libltdl"
| #define VERSION "2.4.3a"
| #define STDC_HEADERS 1
| #define HAVE_SYS_TYPES_H 1
| #define HAVE_SYS_STAT_H 1
| #define HAVE_STDLIB_H 1
| #define HAVE_STRING_H 1
| #define HAVE_MEMORY_H 1
| #define HAVE_STRINGS_H 1
| #define HAVE_INTTYPES_H 1
| #define HAVE_STDINT_H 1
| #define HAVE_UNISTD_H 1
| #define HAVE_DLFCN_H 1
| #define LT_OBJDIR ".libs/"
| #define LT_MODULE_EXT ".so"
| #define LT_MODULE_PATH_VAR "LD_LIBRARY_PATH"
| #define LT_DLSEARCH_PATH "/lib:/usr/lib:/usr/lib/x86_64-linux-gnu/libfakeroot:/opt/intel/compilers_and_libraries/linux/lib/intel64_lin:/usr/local/lib:/usr/local/lib/x86_64-linux-gnu:/lib/x86_64-linux-gnu:/usr/lib/x86_64-linux-gnu:/lib32:/usr/lib32:/libx32:/usr/libx32"
| #define HAVE_LIBDL 1
| #define HAVE_DLERROR 1
| #define HAVE_LIBDLLOADER 1
| #define HAVE_ARGZ_H 1
| #define HAVE_ERROR_T 1
| #define HAVE_ARGZ_ADD 1
| #define HAVE_ARGZ_APPEND 1
| #define HAVE_ARGZ_COUNT 1
| #define HAVE_ARGZ_CREATE_SEP 1
| #define HAVE_ARGZ_INSERT 1
| #define HAVE_ARGZ_NEXT 1
| #define HAVE_ARGZ_STRINGIFY 1
| #define HAVE_WORKING_ARGZ 1
| #define HAVE_PRELOADED_SYMBOLS 1
| #define HAVE_UNISTD_H 1
| /* end confdefs.h.  */
| #include <stdio.h>
| #ifdef HAVE_SYS_TYPES_H
| # include <sys/types.h>
| #endif
| #ifdef HAVE_SYS_STAT_H
| # include <sys/stat.h>
| #endif
| #ifdef STDC_HEADERS
| # include <stdlib.h>
| # include <stddef.h>
| #else
| # ifdef HAVE_STDLIB_H
| #  include <stdlib.h>
| # endif
| #endif
| #ifdef HAVE_STRING_H
| # if !defined STDC_HEADERS && defined HAVE_MEMORY_H
| #  include <memory.h>
| # endif
| # include <string.h>
| #endif
| #ifdef HAVE_STRINGS_H
| # include <strings.h>
| #endif
| #ifdef HAVE_INTTYPES_H
| # include <inttypes.h>
| #endif
| #ifdef HAVE_STDINT_H
| # include <stdint.h>
| #endif
| #ifdef HAVE_UNISTD_H
| # include <unistd.h>
| #endif
| 
| #include <dld.h>
configure:13173: result: no
configure:13173: checking for mach-o/dyld.h
configure:13173: ccache icc -c -g -O2 -fdebug-prefix-map=/dev/shm/php7.3-fpm/unixodbc/unixodbc-2.3.6=. -Wformat -march=native -pipe -fstack-security-check -Wformat-security -Wdate-time -D_FORTIFY_SOURCE=2 conftest.c >&5
icc: command line warning #10006: ignoring unknown option '-fdebug-prefix-map=/dev/shm/php7.3-fpm/unixodbc/unixodbc-2.3.6=.'
conftest.c(75): catastrophic error: cannot open source file "mach-o/dyld.h"
  #include <mach-o/dyld.h>
                          ^

compilation aborted for conftest.c (code 4)
configure:13173: $? = 4
configure: failed program was:
| /* confdefs.h */
| #define PACKAGE_NAME "libltdl"
| #define PACKAGE_TARNAME "libltdl"
| #define PACKAGE_VERSION "2.4.3a"
| #define PACKAGE_STRING "libltdl 2.4.3a"
| #define PACKAGE_BUGREPORT "bug-libtool@gnu.org"
| #define PACKAGE_URL ""
| #define PACKAGE "libltdl"
| #define VERSION "2.4.3a"
| #define STDC_HEADERS 1
| #define HAVE_SYS_TYPES_H 1
| #define HAVE_SYS_STAT_H 1
| #define HAVE_STDLIB_H 1
| #define HAVE_STRING_H 1
| #define HAVE_MEMORY_H 1
| #define HAVE_STRINGS_H 1
| #define HAVE_INTTYPES_H 1
| #define HAVE_STDINT_H 1
| #define HAVE_UNISTD_H 1
| #define HAVE_DLFCN_H 1
| #define LT_OBJDIR ".libs/"
| #define LT_MODULE_EXT ".so"
| #define LT_MODULE_PATH_VAR "LD_LIBRARY_PATH"
| #define LT_DLSEARCH_PATH "/lib:/usr/lib:/usr/lib/x86_64-linux-gnu/libfakeroot:/opt/intel/compilers_and_libraries/linux/lib/intel64_lin:/usr/local/lib:/usr/local/lib/x86_64-linux-gnu:/lib/x86_64-linux-gnu:/usr/lib/x86_64-linux-gnu:/lib32:/usr/lib32:/libx32:/usr/libx32"
| #define HAVE_LIBDL 1
| #define HAVE_DLERROR 1
| #define HAVE_LIBDLLOADER 1
| #define HAVE_ARGZ_H 1
| #define HAVE_ERROR_T 1
| #define HAVE_ARGZ_ADD 1
| #define HAVE_ARGZ_APPEND 1
| #define HAVE_ARGZ_COUNT 1
| #define HAVE_ARGZ_CREATE_SEP 1
| #define HAVE_ARGZ_INSERT 1
| #define HAVE_ARGZ_NEXT 1
| #define HAVE_ARGZ_STRINGIFY 1
| #define HAVE_WORKING_ARGZ 1
| #define HAVE_PRELOADED_SYMBOLS 1
| #define HAVE_UNISTD_H 1
| /* end confdefs.h.  */
| #include <stdio.h>
| #ifdef HAVE_SYS_TYPES_H
| # include <sys/types.h>
| #endif
| #ifdef HAVE_SYS_STAT_H
| # include <sys/stat.h>
| #endif
| #ifdef STDC_HEADERS
| # include <stdlib.h>
| # include <stddef.h>
| #else
| # ifdef HAVE_STDLIB_H
| #  include <stdlib.h>
| # endif
| #endif
| #ifdef HAVE_STRING_H
| # if !defined STDC_HEADERS && defined HAVE_MEMORY_H
| #  include <memory.h>
| # endif
| # include <string.h>
| #endif
| #ifdef HAVE_STRINGS_H
| # include <strings.h>
| #endif
| #ifdef HAVE_INTTYPES_H
| # include <inttypes.h>
| #endif
| #ifdef HAVE_STDINT_H
| # include <stdint.h>
| #endif
| #ifdef HAVE_UNISTD_H
| # include <unistd.h>
| #endif
| 
| #include <mach-o/dyld.h>
configure:13173: result: no
configure:13173: checking for dirent.h
configure:13173: ccache icc -c -g -O2 -fdebug-prefix-map=/dev/shm/php7.3-fpm/unixodbc/unixodbc-2.3.6=. -Wformat -march=native -pipe -fstack-security-check -Wformat-security -Wdate-time -D_FORTIFY_SOURCE=2 conftest.c >&5
icc: command line warning #10006: ignoring unknown option '-fdebug-prefix-map=/dev/shm/php7.3-fpm/unixodbc/unixodbc-2.3.6=.'
Front end time                       0.07 (CPU)       0.00 (elapsed)
Back end time                        0.01 (CPU)       0.00 (elapsed)
Total compilation time               0.08 (CPU)       0.00 (elapsed)
configure:13173: $? = 0
configure:13173: result: yes
configure:13188: checking for closedir
configure:13188: ccache icc -o conftest -g -O2 -fdebug-prefix-map=/dev/shm/php7.3-fpm/unixodbc/unixodbc-2.3.6=. -Wformat -march=native -pipe -fstack-security-check -Wformat-security -Wdate-time -D_FORTIFY_SOURCE=2 -Wl,-z,relro -Wl,-z,now -Wl,--as-needed,--gc-sections,--relax -Wl,-z,defs conftest.c  >&5
icc: command line warning #10006: ignoring unknown option '-fdebug-prefix-map=/dev/shm/php7.3-fpm/unixodbc/unixodbc-2.3.6=.'
Front end time                       0.01 (CPU)       0.00 (elapsed)
Back end time                        0.00 (CPU)       0.00 (elapsed)
Total compilation time               0.01 (CPU)       0.00 (elapsed)
configure:13188: $? = 0
configure:13188: result: yes
configure:13188: checking for opendir
configure:13188: ccache icc -o conftest -g -O2 -fdebug-prefix-map=/dev/shm/php7.3-fpm/unixodbc/unixodbc-2.3.6=. -Wformat -march=native -pipe -fstack-security-check -Wformat-security -Wdate-time -D_FORTIFY_SOURCE=2 -Wl,-z,relro -Wl,-z,now -Wl,--as-needed,--gc-sections,--relax -Wl,-z,defs conftest.c  >&5
icc: command line warning #10006: ignoring unknown option '-fdebug-prefix-map=/dev/shm/php7.3-fpm/unixodbc/unixodbc-2.3.6=.'
Front end time                       0.01 (CPU)       0.00 (elapsed)
Back end time                        0.01 (CPU)       0.00 (elapsed)
Total compilation time               0.02 (CPU)       0.00 (elapsed)
configure:13188: $? = 0
configure:13188: result: yes
configure:13188: checking for readdir
configure:13188: ccache icc -o conftest -g -O2 -fdebug-prefix-map=/dev/shm/php7.3-fpm/unixodbc/unixodbc-2.3.6=. -Wformat -march=native -pipe -fstack-security-check -Wformat-security -Wdate-time -D_FORTIFY_SOURCE=2 -Wl,-z,relro -Wl,-z,now -Wl,--as-needed,--gc-sections,--relax -Wl,-z,defs conftest.c  >&5
icc: command line warning #10006: ignoring unknown option '-fdebug-prefix-map=/dev/shm/php7.3-fpm/unixodbc/unixodbc-2.3.6=.'
Front end time                       0.01 (CPU)       0.00 (elapsed)
Back end time                        0.00 (CPU)       0.00 (elapsed)
Total compilation time               0.01 (CPU)       0.00 (elapsed)
configure:13188: $? = 0
configure:13188: result: yes
configure:13207: checking for strlcat
configure:13207: ccache icc -o conftest -g -O2 -fdebug-prefix-map=/dev/shm/php7.3-fpm/unixodbc/unixodbc-2.3.6=. -Wformat -march=native -pipe -fstack-security-check -Wformat-security -Wdate-time -D_FORTIFY_SOURCE=2 -Wl,-z,relro -Wl,-z,now -Wl,--as-needed,--gc-sections,--relax -Wl,-z,defs conftest.c  >&5
icc: command line warning #10006: ignoring unknown option '-fdebug-prefix-map=/dev/shm/php7.3-fpm/unixodbc/unixodbc-2.3.6=.'
Front end time                       0.01 (CPU)       0.00 (elapsed)
Back end time                        0.01 (CPU)       0.00 (elapsed)
Total compilation time               0.02 (CPU)       0.00 (elapsed)
ipo: warning #11021: unresolved strlcat
        Referenced in /tmp/ipo_iccS1N5i2.o
/usr/bin/x86_64-linux-gnu-ld: /tmp/ipo_iccS1N5i2.o: in function `main':
/dev/shm/php7.3-fpm/unixodbc/unixodbc-2.3.6/libltdl/conftest.c:79: undefined reference to `strlcat'
configure:13207: $? = 1
configure: failed program was:
| /* confdefs.h */
| #define PACKAGE_NAME "libltdl"
| #define PACKAGE_TARNAME "libltdl"
| #define PACKAGE_VERSION "2.4.3a"
| #define PACKAGE_STRING "libltdl 2.4.3a"
| #define PACKAGE_BUGREPORT "bug-libtool@gnu.org"
| #define PACKAGE_URL ""
| #define PACKAGE "libltdl"
| #define VERSION "2.4.3a"
| #define STDC_HEADERS 1
| #define HAVE_SYS_TYPES_H 1
| #define HAVE_SYS_STAT_H 1
| #define HAVE_STDLIB_H 1
| #define HAVE_STRING_H 1
| #define HAVE_MEMORY_H 1
| #define HAVE_STRINGS_H 1
| #define HAVE_INTTYPES_H 1
| #define HAVE_STDINT_H 1
| #define HAVE_UNISTD_H 1
| #define HAVE_DLFCN_H 1
| #define LT_OBJDIR ".libs/"
| #define LT_MODULE_EXT ".so"
| #define LT_MODULE_PATH_VAR "LD_LIBRARY_PATH"
| #define LT_DLSEARCH_PATH "/lib:/usr/lib:/usr/lib/x86_64-linux-gnu/libfakeroot:/opt/intel/compilers_and_libraries/linux/lib/intel64_lin:/usr/local/lib:/usr/local/lib/x86_64-linux-gnu:/lib/x86_64-linux-gnu:/usr/lib/x86_64-linux-gnu:/lib32:/usr/lib32:/libx32:/usr/libx32"
| #define HAVE_LIBDL 1
| #define HAVE_DLERROR 1
| #define HAVE_LIBDLLOADER 1
| #define HAVE_ARGZ_H 1
| #define HAVE_ERROR_T 1
| #define HAVE_ARGZ_ADD 1
| #define HAVE_ARGZ_APPEND 1
| #define HAVE_ARGZ_COUNT 1
| #define HAVE_ARGZ_CREATE_SEP 1
| #define HAVE_ARGZ_INSERT 1
| #define HAVE_ARGZ_NEXT 1
| #define HAVE_ARGZ_STRINGIFY 1
| #define HAVE_WORKING_ARGZ 1
| #define HAVE_PRELOADED_SYMBOLS 1
| #define HAVE_UNISTD_H 1
| #define HAVE_DIRENT_H 1
| #define HAVE_CLOSEDIR 1
| #define HAVE_OPENDIR 1
| #define HAVE_READDIR 1
| /* end confdefs.h.  */
| /* Define strlcat to an innocuous variant, in case <limits.h> declares strlcat.
|    For example, HP-UX 11i <limits.h> declares gettimeofday.  */
| #define strlcat innocuous_strlcat
| 
| /* System header to define __stub macros and hopefully few prototypes,
|     which can conflict with char strlcat (); below.
|     Prefer <limits.h> to <assert.h> if __STDC__ is defined, since
|     <limits.h> exists even on freestanding compilers.  */
| 
| #ifdef __STDC__
| # include <limits.h>
| #else
| # include <assert.h>
| #endif
| 
| #undef strlcat
| 
| /* Override any GCC internal prototype to avoid an error.
|    Use char because int might match the return type of a GCC
|    builtin and then its argument prototype would still apply.  */
| #ifdef __cplusplus
| extern "C"
| #endif
| char strlcat ();
| /* The GNU C library defines this for functions which it implements
|     to always fail with ENOSYS.  Some functions are actually named
|     something starting with __ and the normal name is an alias.  */
| #if defined __stub_strlcat || defined __stub___strlcat
| choke me
| #endif
| 
| int
| main ()
| {
| return strlcat ();
|   ;
|   return 0;
| }
configure:13207: result: no
configure:13207: checking for strlcpy
configure:13207: ccache icc -o conftest -g -O2 -fdebug-prefix-map=/dev/shm/php7.3-fpm/unixodbc/unixodbc-2.3.6=. -Wformat -march=native -pipe -fstack-security-check -Wformat-security -Wdate-time -D_FORTIFY_SOURCE=2 -Wl,-z,relro -Wl,-z,now -Wl,--as-needed,--gc-sections,--relax -Wl,-z,defs conftest.c  >&5
icc: command line warning #10006: ignoring unknown option '-fdebug-prefix-map=/dev/shm/php7.3-fpm/unixodbc/unixodbc-2.3.6=.'
Front end time                       0.01 (CPU)       0.00 (elapsed)
Back end time                        0.01 (CPU)       0.00 (elapsed)
Total compilation time               0.02 (CPU)       0.00 (elapsed)
ipo: warning #11021: unresolved strlcpy
        Referenced in /tmp/ipo_icc2I1vKD.o
/usr/bin/x86_64-linux-gnu-ld: /tmp/ipo_icc2I1vKD.o: in function `main':
/dev/shm/php7.3-fpm/unixodbc/unixodbc-2.3.6/libltdl/conftest.c:79: undefined reference to `strlcpy'
configure:13207: $? = 1
configure: failed program was:
| /* confdefs.h */
| #define PACKAGE_NAME "libltdl"
| #define PACKAGE_TARNAME "libltdl"
| #define PACKAGE_VERSION "2.4.3a"
| #define PACKAGE_STRING "libltdl 2.4.3a"
| #define PACKAGE_BUGREPORT "bug-libtool@gnu.org"
| #define PACKAGE_URL ""
| #define PACKAGE "libltdl"
| #define VERSION "2.4.3a"
| #define STDC_HEADERS 1
| #define HAVE_SYS_TYPES_H 1
| #define HAVE_SYS_STAT_H 1
| #define HAVE_STDLIB_H 1
| #define HAVE_STRING_H 1
| #define HAVE_MEMORY_H 1
| #define HAVE_STRINGS_H 1
| #define HAVE_INTTYPES_H 1
| #define HAVE_STDINT_H 1
| #define HAVE_UNISTD_H 1
| #define HAVE_DLFCN_H 1
| #define LT_OBJDIR ".libs/"
| #define LT_MODULE_EXT ".so"
| #define LT_MODULE_PATH_VAR "LD_LIBRARY_PATH"
| #define LT_DLSEARCH_PATH "/lib:/usr/lib:/usr/lib/x86_64-linux-gnu/libfakeroot:/opt/intel/compilers_and_libraries/linux/lib/intel64_lin:/usr/local/lib:/usr/local/lib/x86_64-linux-gnu:/lib/x86_64-linux-gnu:/usr/lib/x86_64-linux-gnu:/lib32:/usr/lib32:/libx32:/usr/libx32"
| #define HAVE_LIBDL 1
| #define HAVE_DLERROR 1
| #define HAVE_LIBDLLOADER 1
| #define HAVE_ARGZ_H 1
| #define HAVE_ERROR_T 1
| #define HAVE_ARGZ_ADD 1
| #define HAVE_ARGZ_APPEND 1
| #define HAVE_ARGZ_COUNT 1
| #define HAVE_ARGZ_CREATE_SEP 1
| #define HAVE_ARGZ_INSERT 1
| #define HAVE_ARGZ_NEXT 1
| #define HAVE_ARGZ_STRINGIFY 1
| #define HAVE_WORKING_ARGZ 1
| #define HAVE_PRELOADED_SYMBOLS 1
| #define HAVE_UNISTD_H 1
| #define HAVE_DIRENT_H 1
| #define HAVE_CLOSEDIR 1
| #define HAVE_OPENDIR 1
| #define HAVE_READDIR 1
| /* end confdefs.h.  */
| /* Define strlcpy to an innocuous variant, in case <limits.h> declares strlcpy.
|    For example, HP-UX 11i <limits.h> declares gettimeofday.  */
| #define strlcpy innocuous_strlcpy
| 
| /* System header to define __stub macros and hopefully few prototypes,
|     which can conflict with char strlcpy (); below.
|     Prefer <limits.h> to <assert.h> if __STDC__ is defined, since
|     <limits.h> exists even on freestanding compilers.  */
| 
| #ifdef __STDC__
| # include <limits.h>
| #else
| # include <assert.h>
| #endif
| 
| #undef strlcpy
| 
| /* Override any GCC internal prototype to avoid an error.
|    Use char because int might match the return type of a GCC
|    builtin and then its argument prototype would still apply.  */
| #ifdef __cplusplus
| extern "C"
| #endif
| char strlcpy ();
| /* The GNU C library defines this for functions which it implements
|     to always fail with ENOSYS.  Some functions are actually named
|     something starting with __ and the normal name is an alias.  */
| #if defined __stub_strlcpy || defined __stub___strlcpy
| choke me
| #endif
| 
| int
| main ()
| {
| return strlcpy ();
|   ;
|   return 0;
| }
configure:13207: result: no
configure:13358: checking that generated files are newer than configure
configure:13364: result: done
configure:13396: creating ./config.status

## ---------------------- ##
## Running config.status. ##
## ---------------------- ##

This file was extended by libltdl config.status 2.4.3a, which was
generated by GNU Autoconf 2.69.  Invocation command line was

  CONFIG_FILES    = 
  CONFIG_HEADERS  = 
  CONFIG_LINKS    = 
  CONFIG_COMMANDS = 
  $ ./config.status 

on server

config.status:1125: creating Makefile
config.status:1125: creating config.h
config.status:1354: executing depfiles commands
config.status:1354: executing libtool commands

## ---------------- ##
## Cache variables. ##
## ---------------- ##

ac_cv_build=x86_64-pc-linux-gnu
ac_cv_c_compiler_gnu=yes
ac_cv_env_CC_set=set
ac_cv_env_CC_value='ccache icc'
ac_cv_env_CFLAGS_set=set
ac_cv_env_CFLAGS_value='-g -O2 -fdebug-prefix-map=/dev/shm/php7.3-fpm/unixodbc/unixodbc-2.3.6=. -Wformat -march=native -pipe -fstack-security-check -Wformat-security'
ac_cv_env_CPPFLAGS_set=set
ac_cv_env_CPPFLAGS_value='-Wdate-time -D_FORTIFY_SOURCE=2'
ac_cv_env_CPP_set=set
ac_cv_env_CPP_value='ccache icc -E'
ac_cv_env_LDFLAGS_set=set
ac_cv_env_LDFLAGS_value='-Wl,-z,relro -Wl,-z,now -Wl,--as-needed,--gc-sections,--relax -Wl,-z,defs'
ac_cv_env_LIBS_set=
ac_cv_env_LIBS_value=
ac_cv_env_LT_SYS_LIBRARY_PATH_set=
ac_cv_env_LT_SYS_LIBRARY_PATH_value=
ac_cv_env_build_alias_set=set
ac_cv_env_build_alias_value=x86_64-linux-gnu
ac_cv_env_host_alias_set=
ac_cv_env_host_alias_value=
ac_cv_env_target_alias_set=
ac_cv_env_target_alias_value=
ac_cv_func_argz_add=yes
ac_cv_func_argz_append=yes
ac_cv_func_argz_count=yes
ac_cv_func_argz_create_sep=yes
ac_cv_func_argz_insert=yes
ac_cv_func_argz_next=yes
ac_cv_func_argz_stringify=yes
ac_cv_func_closedir=yes
ac_cv_func_dlerror=yes
ac_cv_func_dlopen=yes
ac_cv_func_opendir=yes
ac_cv_func_readdir=yes
ac_cv_func_shl_load=no
ac_cv_func_strlcat=no
ac_cv_func_strlcpy=no
ac_cv_header_argz_h=yes
ac_cv_header_dirent_h=yes
ac_cv_header_dl_h=no
ac_cv_header_dld_h=no
ac_cv_header_dlfcn_h=yes
ac_cv_header_inttypes_h=yes
ac_cv_header_mach_o_dyld_h=no
ac_cv_header_memory_h=yes
ac_cv_header_stdc=yes
ac_cv_header_stdint_h=yes
ac_cv_header_stdlib_h=yes
ac_cv_header_string_h=yes
ac_cv_header_strings_h=yes
ac_cv_header_sys_dl_h=no
ac_cv_header_sys_stat_h=yes
ac_cv_header_sys_types_h=yes
ac_cv_header_unistd_h=yes
ac_cv_host=x86_64-pc-linux-gnu
ac_cv_lib_dld_dld_link=no
ac_cv_lib_dld_shl_load=no
ac_cv_objext=o
ac_cv_path_EGREP='/bin/grep -E'
ac_cv_path_FGREP='/bin/grep -F'
ac_cv_path_GREP=/bin/grep
ac_cv_path_SED=/bin/sed
ac_cv_path_install='/usr/bin/install -c'
ac_cv_path_lt_DD=/bin/dd
ac_cv_path_mkdir=/bin/mkdir
ac_cv_prog_AWK=gawk
ac_cv_prog_CPP='ccache icc -E'
ac_cv_prog_ac_ct_CC='ccache icc'
ac_cv_prog_ac_ct_MANIFEST_TOOL=mt
ac_cv_prog_ac_ct_OBJDUMP=objdump
ac_cv_prog_ac_ct_RANLIB=ranlib
ac_cv_prog_ac_ct_STRIP=strip
ac_cv_prog_cc_c89=
ac_cv_prog_cc_g=yes
ac_cv_prog_make_make_set=yes
ac_cv_search_dlopen='none required'
ac_cv_type_error_t=yes
am_cv_CC_dependencies_compiler_type=none
am_cv_make_support_nested_variables=yes
am_cv_prog_cc_c_o=yes
libltdl_cv_lib_dl_dlopen=yes
libltdl_cv_preloaded_symbols=yes
libltdl_cv_shlibext=.so
libltdl_cv_shrext=.so
lt_cv_ar_at_file=@
lt_cv_archive_cmds_need_lc=no
lt_cv_deplibs_check_method=pass_all
lt_cv_dlopen=dlopen
lt_cv_dlopen_libs=
lt_cv_dlopen_self=yes
lt_cv_dlopen_self_static=yes
lt_cv_file_magic_cmd='$MAGIC_CMD'
lt_cv_file_magic_test_file=
lt_cv_ld_reload_flag=-r
lt_cv_module_path_var=LD_LIBRARY_PATH
lt_cv_nm_interface='BSD nm'
lt_cv_objdir=.libs
lt_cv_path_LD='xild -m elf_x86_64'
lt_cv_path_NM='/usr/bin/nm -B'
lt_cv_path_mainfest_tool=no
lt_cv_prog_compiler_c_o=yes
lt_cv_prog_compiler_pic='-fPIC -DPIC'
lt_cv_prog_compiler_pic_works=yes
lt_cv_prog_compiler_rtti_exceptions=yes
lt_cv_prog_compiler_static_works=no
lt_cv_prog_gnu_ld=yes
lt_cv_sharedlib_from_linklib_cmd='printf %s\n'
lt_cv_shlibpath_overrides_runpath=yes
lt_cv_sys_argz_works=yes
lt_cv_sys_dlopen_deplibs=yes
lt_cv_sys_dlsearch_path='/lib /usr/lib /usr/lib/x86_64-linux-gnu/libfakeroot /opt/intel/compilers_and_libraries/linux/lib/intel64_lin /usr/local/lib /usr/local/lib/x86_64-linux-gnu /lib/x86_64-linux-gnu /usr/lib/x86_64-linux-gnu /lib32 /usr/lib32 /libx32 /usr/libx32 '
lt_cv_sys_global_symbol_pipe='sed -n -e '\''s/^.*[	 ]\([ABCDGIRSTW][ABCDGIRSTW]*\)[	 ][	 ]*\([_A-Za-z][_A-Za-z0-9]*\)$/\1 \2 \2/p'\'' | sed '\''/ __gnu_lto/d'\'''
lt_cv_sys_global_symbol_to_c_name_address='sed -n -e '\''s/^: \(.*\) .*$/  {"\1", (void *) 0},/p'\'' -e '\''s/^[ABCDGIRSTW][ABCDGIRSTW]* .* \(.*\)$/  {"\1", (void *) \&\1},/p'\'''
lt_cv_sys_global_symbol_to_c_name_address_lib_prefix='sed -n -e '\''s/^: \(.*\) .*$/  {"\1", (void *) 0},/p'\'' -e '\''s/^[ABCDGIRSTW][ABCDGIRSTW]* .* \(lib.*\)$/  {"\1", (void *) \&\1},/p'\'' -e '\''s/^[ABCDGIRSTW][ABCDGIRSTW]* .* \(.*\)$/  {"lib\1", (void *) \&\1},/p'\'''
lt_cv_sys_global_symbol_to_cdecl='sed -n -e '\''s/^T .* \(.*\)$/extern int \1();/p'\'' -e '\''s/^[ABCDGIRSTW][ABCDGIRSTW]* .* \(.*\)$/extern char \1;/p'\'''
lt_cv_sys_global_symbol_to_import=
lt_cv_sys_max_cmd_len=1572864
lt_cv_sys_symbol_underscore=no
lt_cv_to_host_file_cmd=func_convert_file_noop
lt_cv_to_tool_file_cmd=func_convert_file_noop
lt_cv_truncate_bin='/bin/dd bs=4096 count=1'

## ----------------- ##
## Output variables. ##
## ----------------- ##

ACLOCAL='${SHELL} /dev/shm/php7.3-fpm/unixodbc/unixodbc-2.3.6/missing aclocal-1.16'
AMDEPBACKSLASH=''
AMDEP_FALSE=''
AMDEP_TRUE='#'
AMTAR='$${TAR-tar}'
AM_BACKSLASH='\'
AM_DEFAULT_V='$(AM_DEFAULT_VERBOSITY)'
AM_DEFAULT_VERBOSITY='1'
AM_V='$(V)'
AR='xiar'
AS='as'
AUTOCONF='${SHELL} /dev/shm/php7.3-fpm/unixodbc/unixodbc-2.3.6/missing autoconf'
AUTOHEADER='${SHELL} /dev/shm/php7.3-fpm/unixodbc/unixodbc-2.3.6/missing autoheader'
AUTOMAKE='${SHELL} /dev/shm/php7.3-fpm/unixodbc/unixodbc-2.3.6/missing automake-1.16'
AWK='gawk'
CC='ccache icc'
CCDEPMODE='depmode=none'
CFLAGS='-g -O2 -fdebug-prefix-map=/dev/shm/php7.3-fpm/unixodbc/unixodbc-2.3.6=. -Wformat -march=native -pipe -fstack-security-check -Wformat-security'
CONVENIENCE_LTDL_FALSE='#'
CONVENIENCE_LTDL_TRUE=''
CPP='ccache icc -E'
CPPFLAGS='-Wdate-time -D_FORTIFY_SOURCE=2'
CYGPATH_W='echo'
DEFS='-DHAVE_CONFIG_H'
DEPDIR='.deps'
DLLTOOL='false'
DSYMUTIL=''
DUMPBIN=''
ECHO_C=''
ECHO_N='-n'
ECHO_T=''
EGREP='/bin/grep -E'
EXEEXT=''
FGREP='/bin/grep -F'
GREP='/bin/grep'
INSTALL_DATA='${INSTALL} -m 644'
INSTALL_LTDL_FALSE=''
INSTALL_LTDL_TRUE='#'
INSTALL_PROGRAM='${INSTALL}'
INSTALL_SCRIPT='${INSTALL}'
INSTALL_STRIP_PROGRAM='$(install_sh) -c -s'
LD='xild -m elf_x86_64 -m elf_x86_64'
LDFLAGS='-Wl,-z,relro -Wl,-z,now -Wl,--as-needed,--gc-sections,--relax -Wl,-z,defs'
LIBADD_DL=' '
LIBADD_DLD_LINK=''
LIBADD_DLOPEN=''
LIBADD_SHL_LOAD=''
LIBOBJS=' ${LIBOBJDIR}lt__strl$U.o'
LIBS=''
LIBTOOL='$(SHELL) $(top_builddir)/libtool'
LIPO=''
LN_S='ln -s'
LTDLOPEN='libltdl'
LTLIBOBJS=' ${LIBOBJDIR}lt__strl$U.lo'
LT_ARGZ_H=''
LT_CONFIG_H='config.h'
LT_DLLOADERS=' dlopen.la'
LT_DLPREOPEN='-dlpreopen dlopen.la '
LT_SYS_LIBRARY_PATH=''
MAKEINFO='${SHELL} /dev/shm/php7.3-fpm/unixodbc/unixodbc-2.3.6/missing makeinfo'
MANIFEST_TOOL=':'
MKDIR_P='/bin/mkdir -p'
NM='/usr/bin/nm -B'
NMEDIT=''
OBJDUMP='objdump'
OBJEXT='o'
OTOOL64=''
OTOOL=''
PACKAGE='libltdl'
PACKAGE_BUGREPORT='bug-libtool@gnu.org'
PACKAGE_NAME='libltdl'
PACKAGE_STRING='libltdl 2.4.3a'
PACKAGE_TARNAME='libltdl'
PACKAGE_URL=''
PACKAGE_VERSION='2.4.3a'
PATH_SEPARATOR=':'
RANLIB='ranlib'
SED='/bin/sed'
SET_MAKE=''
SHELL='/bin/bash'
STRIP='strip'
VERSION='2.4.3a'
ac_ct_AR=''
ac_ct_CC='ccache icc'
ac_ct_DUMPBIN=''
am__EXEEXT_FALSE=''
am__EXEEXT_TRUE='#'
am__fastdepCC_FALSE=''
am__fastdepCC_TRUE='#'
am__include='include'
am__isrc=''
am__leading_dot='.'
am__nodep=''
am__quote=''
am__tar='$${TAR-tar} chof - "$$tardir"'
am__untar='$${TAR-tar} xf -'
bindir='${exec_prefix}/bin'
build='x86_64-pc-linux-gnu'
build_alias='x86_64-linux-gnu'
build_cpu='x86_64'
build_os='linux-gnu'
build_vendor='pc'
datadir='${datarootdir}'
datarootdir='${prefix}/share'
docdir='${datarootdir}/doc/${PACKAGE_TARNAME}'
dvidir='${docdir}'
exec_prefix='${prefix}'
host='x86_64-pc-linux-gnu'
host_alias=''
host_cpu='x86_64'
host_os='linux-gnu'
host_vendor='pc'
htmldir='${docdir}'
includedir='${prefix}/include'
infodir='${prefix}/share/info'
install_sh='${SHELL} /dev/shm/php7.3-fpm/unixodbc/unixodbc-2.3.6/install-sh'
libdir='${prefix}/lib/x86_64-linux-gnu'
libexecdir='${prefix}/lib/x86_64-linux-gnu'
localedir='${datarootdir}/locale'
localstatedir='/var'
mandir='${prefix}/share/man'
mkdir_p='$(MKDIR_P)'
oldincludedir='/usr/include'
pdfdir='${docdir}'
prefix='/usr'
program_transform_name='s,x,x,'
psdir='${docdir}'
runstatedir='/run'
sbindir='${exec_prefix}/sbin'
sharedstatedir='${prefix}/com'
sys_symbol_underscore='no'
sysconfdir='/etc'
target_alias=''

## ----------- ##
## confdefs.h. ##
## ----------- ##

/* confdefs.h */
#define PACKAGE_NAME "libltdl"
#define PACKAGE_TARNAME "libltdl"
#define PACKAGE_VERSION "2.4.3a"
#define PACKAGE_STRING "libltdl 2.4.3a"
#define PACKAGE_BUGREPORT "bug-libtool@gnu.org"
#define PACKAGE_URL ""
#define PACKAGE "libltdl"
#define VERSION "2.4.3a"
#define STDC_HEADERS 1
#define HAVE_SYS_TYPES_H 1
#define HAVE_SYS_STAT_H 1
#define HAVE_STDLIB_H 1
#define HAVE_STRING_H 1
#define HAVE_MEMORY_H 1
#define HAVE_STRINGS_H 1
#define HAVE_INTTYPES_H 1
#define HAVE_STDINT_H 1
#define HAVE_UNISTD_H 1
#define HAVE_DLFCN_H 1
#define LT_OBJDIR ".libs/"
#define LT_MODULE_EXT ".so"
#define LT_MODULE_PATH_VAR "LD_LIBRARY_PATH"
#define LT_DLSEARCH_PATH "/lib:/usr/lib:/usr/lib/x86_64-linux-gnu/libfakeroot:/opt/intel/compilers_and_libraries/linux/lib/intel64_lin:/usr/local/lib:/usr/local/lib/x86_64-linux-gnu:/lib/x86_64-linux-gnu:/usr/lib/x86_64-linux-gnu:/lib32:/usr/lib32:/libx32:/usr/libx32"
#define HAVE_LIBDL 1
#define HAVE_DLERROR 1
#define HAVE_LIBDLLOADER 1
#define HAVE_ARGZ_H 1
#define HAVE_ERROR_T 1
#define HAVE_ARGZ_ADD 1
#define HAVE_ARGZ_APPEND 1
#define HAVE_ARGZ_COUNT 1
#define HAVE_ARGZ_CREATE_SEP 1
#define HAVE_ARGZ_INSERT 1
#define HAVE_ARGZ_NEXT 1
#define HAVE_ARGZ_STRINGIFY 1
#define HAVE_WORKING_ARGZ 1
#define HAVE_PRELOADED_SYMBOLS 1
#define HAVE_UNISTD_H 1
#define HAVE_DIRENT_H 1
#define HAVE_CLOSEDIR 1
#define HAVE_OPENDIR 1
#define HAVE_READDIR 1
#define LT_LIBEXT "a"
#define LT_LIBPREFIX "lib"

configure: exit 0
